<?xml version="1.0" encoding="UTF-8" ?>
<testsuite tests="4" failures="1" name="base.Person_Test" time="11.863" errors="2" skipped="0">
  <properties>
[...]
</properties>
  <testcase classname="base.Person_Test" name="deletePersonTest" time="5.799">
    <error message="Index: 0, Size: 0" type="java.lang.IndexOutOfBoundsException">java.lang.IndexOutOfBoundsException: Index: 0, Size: 0
	at java.util.ArrayList.rangeCheck(ArrayList.java:653)
	at java.util.ArrayList.get(ArrayList.java:429)
	at base.PersonDAL.getPerson(PersonDAL.java:76)
	at base.Person_Test.deletePersonTest(Person_Test.java:87)
	at sun.reflect.NativeMethodAccessorImpl.invoke0(Native Method)
	at sun.reflect.NativeMethodAccessorImpl.invoke(NativeMethodAccessorImpl.java:62)
	at sun.reflect.DelegatingMethodAccessorImpl.invoke(DelegatingMethodAccessorImpl.java:43)
	at java.lang.reflect.Method.invoke(Method.java:498)
	at org.junit.runners.model.FrameworkMethod$1.runReflectiveCall(FrameworkMethod.java:47)
	at org.junit.internal.runners.model.ReflectiveCallable.run(ReflectiveCallable.java:12)
	at org.junit.runners.model.FrameworkMethod.invokeExplosively(FrameworkMethod.java:44)
	at org.junit.internal.runners.statements.InvokeMethod.evaluate(InvokeMethod.java:17)
	at org.junit.internal.runners.statements.RunBefores.evaluate(RunBefores.java:26)
	at org.junit.internal.runners.statements.RunAfters.evaluate(RunAfters.java:27)
	at org.junit.runners.ParentRunner.runLeaf(ParentRunner.java:271)
	at org.junit.runners.BlockJUnit4ClassRunner.runChild(BlockJUnit4ClassRunner.java:70)
	at org.junit.runners.BlockJUnit4ClassRunner.runChild(BlockJUnit4ClassRunner.java:50)
	at org.junit.runners.ParentRunner$3.run(ParentRunner.java:238)
	at org.junit.runners.ParentRunner$1.schedule(ParentRunner.java:63)
	at org.junit.runners.ParentRunner.runChildren(ParentRunner.java:236)
	at org.junit.runners.ParentRunner.access$000(ParentRunner.java:53)
	at org.junit.runners.ParentRunner$2.evaluate(ParentRunner.java:229)
	at org.junit.internal.runners.statements.RunBefores.evaluate(RunBefores.java:26)
	at org.junit.internal.runners.statements.RunAfters.evaluate(RunAfters.java:27)
	at org.junit.runners.ParentRunner.run(ParentRunner.java:309)
	at org.apache.maven.surefire.junit4.JUnit4Provider.execute(JUnit4Provider.java:252)
	at org.apache.maven.surefire.junit4.JUnit4Provider.executeTestSet(JUnit4Provider.java:141)
	at org.apache.maven.surefire.junit4.JUnit4Provider.invoke(JUnit4Provider.java:112)
	at sun.reflect.NativeMethodAccessorImpl.invoke0(Native Method)
	at sun.reflect.NativeMethodAccessorImpl.invoke(NativeMethodAccessorImpl.java:62)
	at sun.reflect.DelegatingMethodAccessorImpl.invoke(DelegatingMethodAccessorImpl.java:43)
	at java.lang.reflect.Method.invoke(Method.java:498)
	at org.apache.maven.surefire.util.ReflectionUtils.invokeMethodWithArray(ReflectionUtils.java:189)
	at org.apache.maven.surefire.booter.ProviderFactory$ProviderProxy.invoke(ProviderFactory.java:165)
	at org.apache.maven.surefire.booter.ProviderFactory.invokeProvider(ProviderFactory.java:85)
	at org.apache.maven.surefire.booter.ForkedBooter.runSuitesInProcess(ForkedBooter.java:115)
	at org.apache.maven.surefire.booter.ForkedBooter.main(ForkedBooter.java:75)
</error>
    <system-out>19:21:04.189 [main] DEBUG org.jboss.logging - Logging Provider: org.jboss.logging.Slf4jLoggerProvider
19:21:04.215 [main] DEBUG o.h.i.internal.IntegratorServiceImpl - Adding Integrator [org.hibernate.cfg.beanvalidation.BeanValidationIntegrator].
19:21:04.218 [main] DEBUG o.h.i.internal.IntegratorServiceImpl - Adding Integrator [org.hibernate.secure.spi.JaccIntegrator].
19:21:04.221 [main] DEBUG o.h.i.internal.IntegratorServiceImpl - Adding Integrator [org.hibernate.cache.internal.CollectionCacheInvalidator].
19:21:04.344 [main] INFO  org.hibernate.Version - HHH000412: Hibernate Core {5.0.2.Final}
19:21:04.347 [main] INFO  org.hibernate.cfg.Environment - HHH000206: hibernate.properties not found
19:21:04.349 [main] INFO  org.hibernate.cfg.Environment - HHH000021: Bytecode provider name : javassist
19:21:04.391 [main] DEBUG o.h.b.j.i.s.LocalXmlResourceResolver - Interpreting public/system identifier : [-//Hibernate/Hibernate Configuration DTD 3.0//EN] - [http://www.hibernate.org/dtd/hibernate-configuration-3.0.dtd]
19:21:04.391 [main] DEBUG o.h.b.j.i.s.LocalXmlResourceResolver - Recognized hibernate-configuration identifier; attempting to resolve on classpath under org/hibernate/
19:21:04.400 [main] DEBUG o.h.b.c.internal.JaxbCfgProcessor - cfg.xml document did not define namespaces; wrapping in custom event reader to introduce namespace information
19:21:04.687 [main] DEBUG org.hibernate.cfg.Configuration - Building session factory using internal StandardServiceRegistryBuilder
19:21:04.697 [main] DEBUG o.h.service.spi.ServiceBinding - Overriding existing service binding [org.hibernate.secure.spi.JaccService]
19:21:04.698 [main] DEBUG org.hibernate.cfg.Configuration - Building session factory using provided StandardServiceRegistry
19:21:04.723 [main] DEBUG o.h.c.i.RegionFactoryInitiator - Cache region factory : org.hibernate.cache.internal.NoCachingRegionFactory
19:21:04.736 [main] INFO  o.h.annotations.common.Version - HCANN000001: Hibernate Commons Annotations {5.0.0.Final}
19:21:04.754 [main] DEBUG o.h.b.j.i.s.LocalXmlResourceResolver - Interpreting public/system identifier : [-//Hibernate/Hibernate Mapping DTD 3.0//EN] - [http://hibernate.sourceforge.net/hibernate-mapping-3.0.dtd]
19:21:04.757 [main] WARN  org.hibernate.orm.deprecation - HHH90000012: Recognized obsolete hibernate namespace http://hibernate.sourceforge.net/hibernate-mapping. Use namespace http://www.hibernate.org/dtd/hibernate-mapping instead.  Support for obsolete DTD/XSD namespaces may be removed at any time.
19:21:04.757 [main] DEBUG o.h.b.j.i.s.LocalXmlResourceResolver - Recognized legacy hibernate-mapping identifier; attempting to resolve on classpath under org/hibernate/
19:21:04.785 [main] DEBUG o.h.boot.jaxb.internal.MappingBinder - Performing JAXB binding of hbm.xml document : Origin(name=mapping/Person.hbm.xml,type=RESOURCE)
19:21:06.234 [main] DEBUG org.hibernate.type.BasicTypeRegistry - Adding type registration boolean -&gt; org.hibernate.type.BooleanType@790da477
19:21:06.234 [main] DEBUG org.hibernate.type.BasicTypeRegistry - Adding type registration boolean -&gt; org.hibernate.type.BooleanType@790da477
19:21:06.234 [main] DEBUG org.hibernate.type.BasicTypeRegistry - Adding type registration java.lang.Boolean -&gt; org.hibernate.type.BooleanType@790da477
19:21:06.236 [main] DEBUG org.hibernate.type.BasicTypeRegistry - Adding type registration numeric_boolean -&gt; org.hibernate.type.NumericBooleanType@5e7cd6cc
19:21:06.238 [main] DEBUG org.hibernate.type.BasicTypeRegistry - Adding type registration true_false -&gt; org.hibernate.type.TrueFalseType@6e2829c7
19:21:06.239 [main] DEBUG org.hibernate.type.BasicTypeRegistry - Adding type registration yes_no -&gt; org.hibernate.type.YesNoType@1c742ed4
19:21:06.243 [main] DEBUG org.hibernate.type.BasicTypeRegistry - Adding type registration byte -&gt; org.hibernate.type.ByteType@7e990ed7
19:21:06.243 [main] DEBUG org.hibernate.type.BasicTypeRegistry - Adding type registration byte -&gt; org.hibernate.type.ByteType@7e990ed7
19:21:06.244 [main] DEBUG org.hibernate.type.BasicTypeRegistry - Adding type registration java.lang.Byte -&gt; org.hibernate.type.ByteType@7e990ed7
19:21:06.245 [main] DEBUG org.hibernate.type.BasicTypeRegistry - Adding type registration character -&gt; org.hibernate.type.CharacterType@5884a914
19:21:06.246 [main] DEBUG org.hibernate.type.BasicTypeRegistry - Adding type registration char -&gt; org.hibernate.type.CharacterType@5884a914
19:21:06.246 [main] DEBUG org.hibernate.type.BasicTypeRegistry - Adding type registration java.lang.Character -&gt; org.hibernate.type.CharacterType@5884a914
19:21:06.248 [main] DEBUG org.hibernate.type.BasicTypeRegistry - Adding type registration short -&gt; org.hibernate.type.ShortType@aba625
19:21:06.248 [main] DEBUG org.hibernate.type.BasicTypeRegistry - Adding type registration short -&gt; org.hibernate.type.ShortType@aba625
19:21:06.249 [main] DEBUG org.hibernate.type.BasicTypeRegistry - Adding type registration java.lang.Short -&gt; org.hibernate.type.ShortType@aba625
19:21:06.250 [main] DEBUG org.hibernate.type.BasicTypeRegistry - Adding type registration integer -&gt; org.hibernate.type.IntegerType@6b09fb41
19:21:06.251 [main] DEBUG org.hibernate.type.BasicTypeRegistry - Adding type registration int -&gt; org.hibernate.type.IntegerType@6b09fb41
19:21:06.251 [main] DEBUG org.hibernate.type.BasicTypeRegistry - Adding type registration java.lang.Integer -&gt; org.hibernate.type.IntegerType@6b09fb41
19:21:06.254 [main] DEBUG org.hibernate.type.BasicTypeRegistry - Adding type registration long -&gt; org.hibernate.type.LongType@821330f
19:21:06.254 [main] DEBUG org.hibernate.type.BasicTypeRegistry - Adding type registration long -&gt; org.hibernate.type.LongType@821330f
19:21:06.254 [main] DEBUG org.hibernate.type.BasicTypeRegistry - Adding type registration java.lang.Long -&gt; org.hibernate.type.LongType@821330f
19:21:06.257 [main] DEBUG org.hibernate.type.BasicTypeRegistry - Adding type registration float -&gt; org.hibernate.type.FloatType@58e1d9d
19:21:06.257 [main] DEBUG org.hibernate.type.BasicTypeRegistry - Adding type registration float -&gt; org.hibernate.type.FloatType@58e1d9d
19:21:06.257 [main] DEBUG org.hibernate.type.BasicTypeRegistry - Adding type registration java.lang.Float -&gt; org.hibernate.type.FloatType@58e1d9d
19:21:06.260 [main] DEBUG org.hibernate.type.BasicTypeRegistry - Adding type registration double -&gt; org.hibernate.type.DoubleType@69504ae9
19:21:06.261 [main] DEBUG org.hibernate.type.BasicTypeRegistry - Adding type registration double -&gt; org.hibernate.type.DoubleType@69504ae9
19:21:06.261 [main] DEBUG org.hibernate.type.BasicTypeRegistry - Adding type registration java.lang.Double -&gt; org.hibernate.type.DoubleType@69504ae9
19:21:06.263 [main] DEBUG org.hibernate.type.BasicTypeRegistry - Adding type registration big_decimal -&gt; org.hibernate.type.BigDecimalType@5c7bfdc1
19:21:06.264 [main] DEBUG org.hibernate.type.BasicTypeRegistry - Adding type registration java.math.BigDecimal -&gt; org.hibernate.type.BigDecimalType@5c7bfdc1
19:21:06.266 [main] DEBUG org.hibernate.type.BasicTypeRegistry - Adding type registration big_integer -&gt; org.hibernate.type.BigIntegerType@7fb4f2a9
19:21:06.266 [main] DEBUG org.hibernate.type.BasicTypeRegistry - Adding type registration java.math.BigInteger -&gt; org.hibernate.type.BigIntegerType@7fb4f2a9
19:21:06.267 [main] DEBUG org.hibernate.type.BasicTypeRegistry - Adding type registration string -&gt; org.hibernate.type.StringType@7bbc8656
19:21:06.268 [main] DEBUG org.hibernate.type.BasicTypeRegistry - Adding type registration java.lang.String -&gt; org.hibernate.type.StringType@7bbc8656
19:21:06.271 [main] DEBUG org.hibernate.type.BasicTypeRegistry - Adding type registration nstring -&gt; org.hibernate.type.StringNVarcharType@169bb4dd
19:21:06.272 [main] DEBUG org.hibernate.type.BasicTypeRegistry - Adding type registration ncharacter -&gt; org.hibernate.type.CharacterNCharType@2d0399f4
19:21:06.274 [main] DEBUG org.hibernate.type.BasicTypeRegistry - Adding type registration url -&gt; org.hibernate.type.UrlType@2254127a
19:21:06.274 [main] DEBUG org.hibernate.type.BasicTypeRegistry - Adding type registration java.net.URL -&gt; org.hibernate.type.UrlType@2254127a
19:21:06.276 [main] DEBUG org.hibernate.type.BasicTypeRegistry - Adding type registration date -&gt; org.hibernate.type.DateType@41330d4f
19:21:06.277 [main] DEBUG org.hibernate.type.BasicTypeRegistry - Adding type registration java.sql.Date -&gt; org.hibernate.type.DateType@41330d4f
19:21:06.279 [main] DEBUG org.hibernate.type.BasicTypeRegistry - Adding type registration time -&gt; org.hibernate.type.TimeType@37313c65
19:21:06.279 [main] DEBUG org.hibernate.type.BasicTypeRegistry - Adding type registration java.sql.Time -&gt; org.hibernate.type.TimeType@37313c65
19:21:06.282 [main] DEBUG org.hibernate.type.BasicTypeRegistry - Adding type registration timestamp -&gt; org.hibernate.type.TimestampType@5d908d47
19:21:06.283 [main] DEBUG org.hibernate.type.BasicTypeRegistry - Adding type registration java.sql.Timestamp -&gt; org.hibernate.type.TimestampType@5d908d47
19:21:06.283 [main] DEBUG org.hibernate.type.BasicTypeRegistry - Adding type registration java.util.Date -&gt; org.hibernate.type.TimestampType@5d908d47
19:21:06.286 [main] DEBUG org.hibernate.type.BasicTypeRegistry - Adding type registration dbtimestamp -&gt; org.hibernate.type.DbTimestampType@1c9b0314
19:21:06.290 [main] DEBUG org.hibernate.type.BasicTypeRegistry - Adding type registration calendar -&gt; org.hibernate.type.CalendarType@6e2aa843
19:21:06.291 [main] DEBUG org.hibernate.type.BasicTypeRegistry - Adding type registration java.util.Calendar -&gt; org.hibernate.type.CalendarType@6e2aa843
19:21:06.292 [main] DEBUG org.hibernate.type.BasicTypeRegistry - Adding type registration java.util.GregorianCalendar -&gt; org.hibernate.type.CalendarType@6e2aa843
19:21:06.293 [main] DEBUG org.hibernate.type.BasicTypeRegistry - Adding type registration calendar_date -&gt; org.hibernate.type.CalendarDateType@1224144a
19:21:06.295 [main] DEBUG org.hibernate.type.BasicTypeRegistry - Adding type registration locale -&gt; org.hibernate.type.LocaleType@1e16c0aa
19:21:06.296 [main] DEBUG org.hibernate.type.BasicTypeRegistry - Adding type registration java.util.Locale -&gt; org.hibernate.type.LocaleType@1e16c0aa
19:21:06.298 [main] DEBUG org.hibernate.type.BasicTypeRegistry - Adding type registration currency -&gt; org.hibernate.type.CurrencyType@5e3f861
19:21:06.298 [main] DEBUG org.hibernate.type.BasicTypeRegistry - Adding type registration java.util.Currency -&gt; org.hibernate.type.CurrencyType@5e3f861
19:21:06.300 [main] DEBUG org.hibernate.type.BasicTypeRegistry - Adding type registration timezone -&gt; org.hibernate.type.TimeZoneType@6d5620ce
19:21:06.301 [main] DEBUG org.hibernate.type.BasicTypeRegistry - Adding type registration java.util.TimeZone -&gt; org.hibernate.type.TimeZoneType@6d5620ce
19:21:06.302 [main] DEBUG org.hibernate.type.BasicTypeRegistry - Adding type registration class -&gt; org.hibernate.type.ClassType@4f49f6af
19:21:06.302 [main] DEBUG org.hibernate.type.BasicTypeRegistry - Adding type registration java.lang.Class -&gt; org.hibernate.type.ClassType@4f49f6af
19:21:06.305 [main] DEBUG org.hibernate.type.BasicTypeRegistry - Adding type registration uuid-binary -&gt; org.hibernate.type.UUIDBinaryType@2235eaab
19:21:06.305 [main] DEBUG org.hibernate.type.BasicTypeRegistry - Adding type registration java.util.UUID -&gt; org.hibernate.type.UUIDBinaryType@2235eaab
19:21:06.306 [main] DEBUG org.hibernate.type.BasicTypeRegistry - Adding type registration uuid-char -&gt; org.hibernate.type.UUIDCharType@3b6d844d
19:21:06.308 [main] DEBUG org.hibernate.type.BasicTypeRegistry - Adding type registration binary -&gt; org.hibernate.type.BinaryType@10289886
19:21:06.309 [main] DEBUG org.hibernate.type.BasicTypeRegistry - Adding type registration byte[] -&gt; org.hibernate.type.BinaryType@10289886
19:21:06.309 [main] DEBUG org.hibernate.type.BasicTypeRegistry - Adding type registration [B -&gt; org.hibernate.type.BinaryType@10289886
19:21:06.311 [main] DEBUG org.hibernate.type.BasicTypeRegistry - Adding type registration wrapper-binary -&gt; org.hibernate.type.WrapperBinaryType@7068e664
19:21:06.311 [main] DEBUG org.hibernate.type.BasicTypeRegistry - Adding type registration Byte[] -&gt; org.hibernate.type.WrapperBinaryType@7068e664
19:21:06.312 [main] DEBUG org.hibernate.type.BasicTypeRegistry - Adding type registration [Ljava.lang.Byte; -&gt; org.hibernate.type.WrapperBinaryType@7068e664
19:21:06.313 [main] DEBUG org.hibernate.type.BasicTypeRegistry - Adding type registration image -&gt; org.hibernate.type.ImageType@7975d1d8
19:21:06.315 [main] DEBUG org.hibernate.type.BasicTypeRegistry - Adding type registration characters -&gt; org.hibernate.type.CharArrayType@18f8cd79
19:21:06.316 [main] DEBUG org.hibernate.type.BasicTypeRegistry - Adding type registration char[] -&gt; org.hibernate.type.CharArrayType@18f8cd79
19:21:06.316 [main] DEBUG org.hibernate.type.BasicTypeRegistry - Adding type registration [C -&gt; org.hibernate.type.CharArrayType@18f8cd79
19:21:06.318 [main] DEBUG org.hibernate.type.BasicTypeRegistry - Adding type registration wrapper-characters -&gt; org.hibernate.type.CharacterArrayType@6cc4cdb9
19:21:06.319 [main] DEBUG org.hibernate.type.BasicTypeRegistry - Adding type registration [Ljava.lang.Character; -&gt; org.hibernate.type.CharacterArrayType@6cc4cdb9
19:21:06.319 [main] DEBUG org.hibernate.type.BasicTypeRegistry - Adding type registration Character[] -&gt; org.hibernate.type.CharacterArrayType@6cc4cdb9
19:21:06.321 [main] DEBUG org.hibernate.type.BasicTypeRegistry - Adding type registration text -&gt; org.hibernate.type.TextType@32115b28
19:21:06.322 [main] DEBUG org.hibernate.type.BasicTypeRegistry - Adding type registration ntext -&gt; org.hibernate.type.NTextType@4b8729ff
19:21:06.330 [main] DEBUG org.hibernate.type.BasicTypeRegistry - Adding type registration blob -&gt; org.hibernate.type.BlobType@5852c06f
19:21:06.330 [main] DEBUG org.hibernate.type.BasicTypeRegistry - Adding type registration java.sql.Blob -&gt; org.hibernate.type.BlobType@5852c06f
19:21:06.332 [main] DEBUG org.hibernate.type.BasicTypeRegistry - Adding type registration materialized_blob -&gt; org.hibernate.type.MaterializedBlobType@76b07f29
19:21:06.338 [main] DEBUG org.hibernate.type.BasicTypeRegistry - Adding type registration clob -&gt; org.hibernate.type.ClobType@33f676f6
19:21:06.338 [main] DEBUG org.hibernate.type.BasicTypeRegistry - Adding type registration java.sql.Clob -&gt; org.hibernate.type.ClobType@33f676f6
19:21:06.351 [main] DEBUG org.hibernate.type.BasicTypeRegistry - Adding type registration nclob -&gt; org.hibernate.type.NClobType@7905a0b8
19:21:06.352 [main] DEBUG org.hibernate.type.BasicTypeRegistry - Adding type registration java.sql.NClob -&gt; org.hibernate.type.NClobType@7905a0b8
19:21:06.353 [main] DEBUG org.hibernate.type.BasicTypeRegistry - Adding type registration materialized_clob -&gt; org.hibernate.type.MaterializedClobType@13d9cbf5
19:21:06.354 [main] DEBUG org.hibernate.type.BasicTypeRegistry - Adding type registration materialized_nclob -&gt; org.hibernate.type.MaterializedNClobType@c667f46
19:21:06.357 [main] DEBUG org.hibernate.type.BasicTypeRegistry - Adding type registration serializable -&gt; org.hibernate.type.SerializableType@19b843ba
19:21:06.364 [main] DEBUG org.hibernate.type.BasicTypeRegistry - Adding type registration object -&gt; org.hibernate.type.ObjectType@2f666ebb
19:21:06.365 [main] DEBUG org.hibernate.type.BasicTypeRegistry - Adding type registration java.lang.Object -&gt; org.hibernate.type.ObjectType@2f666ebb
19:21:06.367 [main] DEBUG org.hibernate.type.BasicTypeRegistry - Adding type registration imm_date -&gt; org.hibernate.type.AdaptedImmutableType@4b2c5e02
19:21:06.367 [main] DEBUG org.hibernate.type.BasicTypeRegistry - Adding type registration imm_time -&gt; org.hibernate.type.AdaptedImmutableType@57a3e26a
19:21:06.367 [main] DEBUG org.hibernate.type.BasicTypeRegistry - Adding type registration imm_timestamp -&gt; org.hibernate.type.AdaptedImmutableType@75c56eb9
19:21:06.368 [main] DEBUG org.hibernate.type.BasicTypeRegistry - Adding type registration imm_dbtimestamp -&gt; org.hibernate.type.AdaptedImmutableType@4bc222e
19:21:06.368 [main] DEBUG org.hibernate.type.BasicTypeRegistry - Adding type registration imm_calendar -&gt; org.hibernate.type.AdaptedImmutableType@2dc9b0f5
19:21:06.368 [main] DEBUG org.hibernate.type.BasicTypeRegistry - Adding type registration imm_calendar_date -&gt; org.hibernate.type.AdaptedImmutableType@6531a794
19:21:06.368 [main] DEBUG org.hibernate.type.BasicTypeRegistry - Adding type registration imm_binary -&gt; org.hibernate.type.AdaptedImmutableType@3b5fad2d
19:21:06.368 [main] DEBUG org.hibernate.type.BasicTypeRegistry - Adding type registration imm_serializable -&gt; org.hibernate.type.AdaptedImmutableType@5e17553a
19:21:06.384 [main] WARN  o.h.e.j.c.i.DriverManagerConnectionProviderImpl - HHH000402: Using Hibernate built-in connection pool (not for production use!)
19:21:06.385 [main] DEBUG o.h.e.j.c.i.DriverManagerConnectionProviderImpl - No driver class specified
19:21:06.386 [main] INFO  o.h.e.j.c.i.DriverManagerConnectionProviderImpl - HHH000401: using driver [null] at URL [jdbc:oracle:thin:@cisc181.canrkwijj6g6.us-east-1.rds.amazonaws.com:1521:ORCL]
19:21:06.386 [main] INFO  o.h.e.j.c.i.DriverManagerConnectionProviderImpl - HHH000046: Connection properties: {user=KOTHARES, password=SUMEETLEGO}
19:21:06.386 [main] INFO  o.h.e.j.c.i.DriverManagerConnectionProviderImpl - HHH000006: Autocommit mode: false
19:21:06.388 [main] INFO  o.h.e.j.c.i.DriverManagerConnectionProviderImpl - HHH000115: Hibernate connection pool size: 20 (min=1)
19:21:06.388 [main] DEBUG o.h.e.j.c.i.DriverManagerConnectionProviderImpl - Initializing Connection pool with 1 Connections
19:21:07.114 [main] DEBUG o.h.e.j.e.i.JdbcEnvironmentInitiator - Database -&gt;
       name : Oracle
    version : Oracle Database 11g Release 11.2.0.4.0 - 64bit Production
      major : 11
      minor : 2
19:21:07.115 [main] DEBUG o.h.e.j.e.i.JdbcEnvironmentInitiator - Driver -&gt;
       name : Oracle JDBC driver
    version : 11.2.0.3.0
      major : 11
      minor : 2
19:21:07.115 [main] DEBUG o.h.e.j.e.i.JdbcEnvironmentInitiator - JDBC version : 11.2
19:21:07.140 [main] INFO  org.hibernate.dialect.Dialect - HHH000400: Using dialect: org.hibernate.dialect.Oracle10gDialect
19:21:07.163 [main] DEBUG o.h.e.j.c.i.StandardRefCursorSupport - Unexpected error trying to gauge level of JDBC REF_CURSOR support : null
19:21:07.563 [main] DEBUG o.h.i.f.i.DefaultIdentifierGeneratorFactory - Registering IdentifierGenerator strategy [uuid2] -&gt; [org.hibernate.id.UUIDGenerator]
19:21:07.565 [main] DEBUG o.h.i.f.i.DefaultIdentifierGeneratorFactory - Registering IdentifierGenerator strategy [guid] -&gt; [org.hibernate.id.GUIDGenerator]
19:21:07.569 [main] DEBUG o.h.i.f.i.DefaultIdentifierGeneratorFactory - Registering IdentifierGenerator strategy [uuid] -&gt; [org.hibernate.id.UUIDHexGenerator]
19:21:07.570 [main] DEBUG o.h.i.f.i.DefaultIdentifierGeneratorFactory - Registering IdentifierGenerator strategy [uuid.hex] -&gt; [org.hibernate.id.UUIDHexGenerator]
19:21:07.572 [main] DEBUG o.h.i.f.i.DefaultIdentifierGeneratorFactory - Registering IdentifierGenerator strategy [assigned] -&gt; [org.hibernate.id.Assigned]
19:21:07.575 [main] DEBUG o.h.i.f.i.DefaultIdentifierGeneratorFactory - Registering IdentifierGenerator strategy [identity] -&gt; [org.hibernate.id.IdentityGenerator]
19:21:07.590 [main] DEBUG o.h.i.f.i.DefaultIdentifierGeneratorFactory - Registering IdentifierGenerator strategy [select] -&gt; [org.hibernate.id.SelectGenerator]
19:21:07.595 [main] DEBUG o.h.i.f.i.DefaultIdentifierGeneratorFactory - Registering IdentifierGenerator strategy [sequence] -&gt; [org.hibernate.id.enhanced.SequenceStyleGenerator]
19:21:07.600 [main] DEBUG o.h.i.f.i.DefaultIdentifierGeneratorFactory - Registering IdentifierGenerator strategy [seqhilo] -&gt; [org.hibernate.id.SequenceHiLoGenerator]
19:21:07.602 [main] DEBUG o.h.i.f.i.DefaultIdentifierGeneratorFactory - Registering IdentifierGenerator strategy [increment] -&gt; [org.hibernate.id.IncrementGenerator]
19:21:07.606 [main] DEBUG o.h.i.f.i.DefaultIdentifierGeneratorFactory - Registering IdentifierGenerator strategy [foreign] -&gt; [org.hibernate.id.ForeignGenerator]
19:21:07.607 [main] DEBUG o.h.i.f.i.DefaultIdentifierGeneratorFactory - Registering IdentifierGenerator strategy [sequence-identity] -&gt; [org.hibernate.id.SequenceIdentityGenerator]
19:21:07.608 [main] DEBUG o.h.i.f.i.DefaultIdentifierGeneratorFactory - Registering IdentifierGenerator strategy [enhanced-sequence] -&gt; [org.hibernate.id.enhanced.SequenceStyleGenerator]
19:21:07.611 [main] DEBUG o.h.i.f.i.DefaultIdentifierGeneratorFactory - Registering IdentifierGenerator strategy [enhanced-table] -&gt; [org.hibernate.id.enhanced.TableGenerator]
19:21:07.692 [main] DEBUG o.h.boot.model.relational.Namespace - Created database namespace [logicalName=Name{catalog=null, schema=KOTHARES}, physicalName=Name{catalog=null, schema=KOTHARES}]
19:21:07.733 [main] DEBUG o.h.b.m.s.internal.hbm.ModelBinder - Mapping class: domain.PersonDomainModel -&gt; per
19:21:07.746 [main] DEBUG o.h.b.m.s.internal.hbm.ModelBinder - Mapped property: PersonID -&gt; [PersonID]
19:21:07.750 [main] DEBUG o.h.b.m.s.internal.hbm.ModelBinder - Mapped property: firstName -&gt; [firstName]
19:21:07.751 [main] DEBUG o.h.b.m.s.internal.hbm.ModelBinder - Mapped property: middleName -&gt; [middleName]
19:21:07.751 [main] DEBUG o.h.b.m.s.internal.hbm.ModelBinder - Mapped property: lastName -&gt; [lastName]
19:21:07.751 [main] DEBUG o.h.b.m.s.internal.hbm.ModelBinder - Mapped property: street -&gt; [street]
19:21:07.751 [main] DEBUG o.h.b.m.s.internal.hbm.ModelBinder - Mapped property: postalCode -&gt; [postalCode]
19:21:07.752 [main] DEBUG o.h.b.m.s.internal.hbm.ModelBinder - Mapped property: city -&gt; [city]
19:21:07.753 [main] DEBUG o.h.b.m.s.internal.hbm.ModelBinder - Mapped property: birthday -&gt; [birthday]
19:21:07.810 [main] DEBUG o.h.internal.SessionFactoryImpl - Building session factory
19:21:07.812 [main] DEBUG org.hibernate.cfg.Settings - SessionFactory name : null
19:21:07.812 [main] DEBUG org.hibernate.cfg.Settings - Automatic flush during beforeCompletion(): disabled
19:21:07.812 [main] DEBUG org.hibernate.cfg.Settings - Automatic session close at end of transaction: disabled
19:21:07.812 [main] DEBUG org.hibernate.cfg.Settings - Statistics: disabled
19:21:07.812 [main] DEBUG org.hibernate.cfg.Settings - Deleted entity synthetic identifier rollback: disabled
19:21:07.813 [main] DEBUG org.hibernate.cfg.Settings - Default entity-mode: pojo
19:21:07.813 [main] DEBUG org.hibernate.cfg.Settings - Check Nullability in Core (should be disabled when Bean Validation is on): enabled
19:21:07.813 [main] DEBUG org.hibernate.cfg.Settings - Allow initialization of lazy state outside session : disabled
19:21:07.813 [main] DEBUG org.hibernate.cfg.Settings - Using BatchFetchStyle : LEGACY
19:21:07.813 [main] DEBUG org.hibernate.cfg.Settings - Default batch fetch size: -1
19:21:07.814 [main] DEBUG org.hibernate.cfg.Settings - Maximum outer join fetch depth: null
19:21:07.815 [main] DEBUG org.hibernate.cfg.Settings - Default null ordering: NONE
19:21:07.816 [main] DEBUG org.hibernate.cfg.Settings - Order SQL updates by primary key: disabled
19:21:07.816 [main] DEBUG org.hibernate.cfg.Settings - Order SQL inserts for batching: disabled
19:21:07.816 [main] DEBUG org.hibernate.cfg.Settings - multi-tenancy strategy : NONE
19:21:07.816 [main] DEBUG org.hibernate.cfg.Settings - JTA Track by Thread: enabled
19:21:07.817 [main] DEBUG org.hibernate.cfg.Settings - Query language substitutions: {}
19:21:07.817 [main] DEBUG org.hibernate.cfg.Settings - JPA query language strict compliance: disabled
19:21:07.818 [main] DEBUG org.hibernate.cfg.Settings - Named query checking : enabled
19:21:07.819 [main] DEBUG org.hibernate.cfg.Settings - Second-level cache: enabled
19:21:07.820 [main] DEBUG org.hibernate.cfg.Settings - Second-level query cache: disabled
19:21:07.821 [main] DEBUG org.hibernate.cfg.Settings - Second-level query cache factory: org.hibernate.cache.internal.StandardQueryCacheFactory@7e928e2f
19:21:07.821 [main] DEBUG org.hibernate.cfg.Settings - Second-level cache region prefix: null
19:21:07.821 [main] DEBUG org.hibernate.cfg.Settings - Optimize second-level cache for minimal puts: disabled
19:21:07.822 [main] DEBUG org.hibernate.cfg.Settings - Structured second-level cache entries: disabled
19:21:07.822 [main] DEBUG org.hibernate.cfg.Settings - Second-level cache direct-reference entries: disabled
19:21:07.822 [main] DEBUG org.hibernate.cfg.Settings - Automatic eviction of collection cache: disabled
19:21:07.822 [main] DEBUG org.hibernate.cfg.Settings - JDBC batch size: 15
19:21:07.822 [main] DEBUG org.hibernate.cfg.Settings - JDBC batch updates for versioned data: disabled
19:21:07.823 [main] DEBUG org.hibernate.cfg.Settings - Scrollable result sets: enabled
19:21:07.823 [main] DEBUG org.hibernate.cfg.Settings - Wrap result sets: disabled
19:21:07.825 [main] DEBUG org.hibernate.cfg.Settings - JDBC3 getGeneratedKeys(): disabled
19:21:07.825 [main] DEBUG org.hibernate.cfg.Settings - JDBC result set fetch size: null
19:21:07.827 [main] DEBUG org.hibernate.cfg.Settings - Connection release mode: ON_CLOSE
19:21:07.827 [main] DEBUG org.hibernate.cfg.Settings - Generate SQL with comments: disabled
19:21:07.911 [main] DEBUG o.h.internal.SessionFactoryImpl - Session factory constructed with filter configurations : {}
19:21:07.912 [main] DEBUG o.h.internal.SessionFactoryImpl - Instantiating session factory with properties: {hibernate.connection.password=SUMEETLEGO, java.runtime.name=Java(TM) SE Runtime Environment, java.vm.version=25.111-b14, hibernate.default_schema=KOTHARES, sun.boot.library.path=C:\Program Files\Java\jdk1.8.0_111\jre\bin, hibernate.connection.username=KOTHARES, hibernate.boot.CfgXmlAccessService.key=org.hibernate.boot.cfgxml.spi.LoadedConfig@293d0107, java.vm.vendor=Oracle Corporation, java.vendor.url=http://java.oracle.com/, path.separator=;, java.vm.name=Java HotSpot(TM) 64-Bit Server VM, file.encoding.pkg=sun.io, sun.os.patch.level=, user.script=, user.country=US, sun.java.launcher=SUN_STANDARD, java.vm.specification.name=Java Virtual Machine Specification, user.dir=C:\Users\skothare\git\PS6Starter\PS6_DAL, java.runtime.version=1.8.0_111-b14, java.awt.graphicsenv=sun.awt.Win32GraphicsEnvironment, basedir=C:\Users\skothare\git\PS6Starter\PS6_DAL, os.arch=amd64, java.endorsed.dirs=C:\Program Files\Java\jdk1.8.0_111\jre\lib\endorsed, surefire.real.class.path=C:\Users\skothare\git\PS6Starter\PS6_DAL\target\surefire\surefirebooter4026421032812816021.jar, java.io.tmpdir=C:\Users\skothare\AppData\Local\Temp\, line.separator=
, java.vm.specification.vendor=Oracle Corporation, user.variant=, os.name=Windows 10, sun.jnu.encoding=Cp1252, java.library.path=C:\Program Files\Java\jdk1.8.0_111\jre\bin;C:\WINDOWS\Sun\Java\bin;C:\WINDOWS\system32;C:\WINDOWS;C:/Program Files/Java/jre1.8.0_111/bin/server;C:/Program Files/Java/jre1.8.0_111/bin;C:/Program Files/Java/jre1.8.0_111/lib/amd64;C:\ProgramData\Oracle\Java\javapath;C:\Program Files (x86)\CambridgeSoft\ChemOffice2015\ChemScript\Lib;C:\Program Files (x86)\Intel\iCLS Client\;C:\Program Files\Intel\iCLS Client\;C:\WINDOWS\system32;C:\WINDOWS;C:\WINDOWS\System32\Wbem;C:\WINDOWS\System32\WindowsPowerShell\v1.0\;C:\Program Files\Intel\Intel(R) Management Engine Components\DAL;C:\Program Files\Intel\Intel(R) Management Engine Components\IPT;C:\Program Files (x86)\Intel\Intel(R) Management Engine Components\DAL;C:\Program Files (x86)\Intel\Intel(R) Management Engine Components\IPT;C:\Program Files\MATLAB\R2014a\bin;C:\Program Files (x86)\QuickTime\QTSystem\;C:\PROGRA~2\PEAKFI~1.12;C:\Users\skothare\AppData\Local\Microsoft\WindowsApps;;C:\WINDOWS\System32;;., surefire.test.class.path=C:\Users\skothare\git\PS6Starter\PS6_DAL\target\test-classes;C:\Users\skothare\git\PS6Starter\PS6_DAL\target\classes;C:\Users\skothare\.m2\repository\org\springframework\spring-context\3.2.3.RELEASE\spring-context-3.2.3.RELEASE.jar;C:\Users\skothare\.m2\repository\org\springframework\spring-aop\3.2.3.RELEASE\spring-aop-3.2.3.RELEASE.jar;C:\Users\skothare\.m2\repository\org\springframework\spring-beans\3.2.3.RELEASE\spring-beans-3.2.3.RELEASE.jar;C:\Users\skothare\.m2\repository\org\springframework\spring-core\3.2.3.RELEASE\spring-core-3.2.3.RELEASE.jar;C:\Users\skothare\.m2\repository\commons-logging\commons-logging\1.1.1\commons-logging-1.1.1.jar;C:\Users\skothare\.m2\repository\org\springframework\spring-expression\3.2.3.RELEASE\spring-expression-3.2.3.RELEASE.jar;C:\Users\skothare\.m2\repository\org\springframework\spring-tx\3.2.3.RELEASE\spring-tx-3.2.3.RELEASE.jar;C:\Users\skothare\.m2\repository\aopalliance\aopalliance\1.0\aopalliance-1.0.jar;C:\Users\skothare\.m2\repository\org\slf4j\slf4j-api\1.7.5\slf4j-api-1.7.5.jar;C:\Users\skothare\.m2\repository\ch\qos\logback\logback-classic\1.0.13\logback-classic-1.0.13.jar;C:\Users\skothare\.m2\repository\ch\qos\logback\logback-core\1.0.13\logback-core-1.0.13.jar;C:\Users\skothare\.m2\repository\org\hibernate\hibernate-entitymanager\5.0.2.Final\hibernate-entitymanager-5.0.2.Final.jar;C:\Users\skothare\.m2\repository\org\jboss\logging\jboss-logging\3.3.0.Final\jboss-logging-3.3.0.Final.jar;C:\Users\skothare\.m2\repository\org\hibernate\hibernate-core\5.0.2.Final\hibernate-core-5.0.2.Final.jar;C:\Users\skothare\.m2\repository\antlr\antlr\2.7.7\antlr-2.7.7.jar;C:\Users\skothare\.m2\repository\org\jboss\jandex\1.2.2.Final\jandex-1.2.2.Final.jar;C:\Users\skothare\.m2\repository\dom4j\dom4j\1.6.1\dom4j-1.6.1.jar;C:\Users\skothare\.m2\repository\xml-apis\xml-apis\1.0.b2\xml-apis-1.0.b2.jar;C:\Users\skothare\.m2\repository\org\hibernate\common\hibernate-commons-annotations\5.0.0.Final\hibernate-commons-annotations-5.0.0.Final.jar;C:\Users\skothare\.m2\repository\org\hibernate\javax\persistence\hibernate-jpa-2.1-api\1.0.0.Final\hibernate-jpa-2.1-api-1.0.0.Final.jar;C:\Users\skothare\.m2\repository\org\apache\geronimo\specs\geronimo-jta_1.1_spec\1.1.1\geronimo-jta_1.1_spec-1.1.1.jar;C:\Users\skothare\.m2\repository\org\javassist\javassist\3.18.1-GA\javassist-3.18.1-GA.jar;C:\Users\skothare\.m2\repository\org\springframework\spring-test\3.2.3.RELEASE\spring-test-3.2.3.RELEASE.jar;C:\Users\skothare\.m2\repository\junit\junit\4.11\junit-4.11.jar;C:\Users\skothare\.m2\repository\org\hamcrest\hamcrest-core\1.3\hamcrest-core-1.3.jar;C:\Users\skothare\.m2\repository\com\oracle\ojdbc6\11.2.0.3\ojdbc6-11.2.0.3.jar;, java.class.version=52.0, java.specification.name=Java Platform API Specification, sun.management.compiler=HotSpot 64-Bit Tiered Compilers, os.version=10.0, user.home=C:\Users\skothare, user.timezone=America/New_York, java.awt.printerjob=sun.awt.windows.WPrinterJob, file.encoding=Cp1252, java.specification.version=1.8, hibernate.format_sql=true, show_sql=true, user.name=skothare, java.class.path=C:\Users\skothare\git\PS6Starter\PS6_DAL\target\test-classes;C:\Users\skothare\git\PS6Starter\PS6_DAL\target\classes;C:\Users\skothare\.m2\repository\org\springframework\spring-context\3.2.3.RELEASE\spring-context-3.2.3.RELEASE.jar;C:\Users\skothare\.m2\repository\org\springframework\spring-aop\3.2.3.RELEASE\spring-aop-3.2.3.RELEASE.jar;C:\Users\skothare\.m2\repository\org\springframework\spring-beans\3.2.3.RELEASE\spring-beans-3.2.3.RELEASE.jar;C:\Users\skothare\.m2\repository\org\springframework\spring-core\3.2.3.RELEASE\spring-core-3.2.3.RELEASE.jar;C:\Users\skothare\.m2\repository\commons-logging\commons-logging\1.1.1\commons-logging-1.1.1.jar;C:\Users\skothare\.m2\repository\org\springframework\spring-expression\3.2.3.RELEASE\spring-expression-3.2.3.RELEASE.jar;C:\Users\skothare\.m2\repository\org\springframework\spring-tx\3.2.3.RELEASE\spring-tx-3.2.3.RELEASE.jar;C:\Users\skothare\.m2\repository\aopalliance\aopalliance\1.0\aopalliance-1.0.jar;C:\Users\skothare\.m2\repository\org\slf4j\slf4j-api\1.7.5\slf4j-api-1.7.5.jar;C:\Users\skothare\.m2\repository\ch\qos\logback\logback-classic\1.0.13\logback-classic-1.0.13.jar;C:\Users\skothare\.m2\repository\ch\qos\logback\logback-core\1.0.13\logback-core-1.0.13.jar;C:\Users\skothare\.m2\repository\org\hibernate\hibernate-entitymanager\5.0.2.Final\hibernate-entitymanager-5.0.2.Final.jar;C:\Users\skothare\.m2\repository\org\jboss\logging\jboss-logging\3.3.0.Final\jboss-logging-3.3.0.Final.jar;C:\Users\skothare\.m2\repository\org\hibernate\hibernate-core\5.0.2.Final\hibernate-core-5.0.2.Final.jar;C:\Users\skothare\.m2\repository\antlr\antlr\2.7.7\antlr-2.7.7.jar;C:\Users\skothare\.m2\repository\org\jboss\jandex\1.2.2.Final\jandex-1.2.2.Final.jar;C:\Users\skothare\.m2\repository\dom4j\dom4j\1.6.1\dom4j-1.6.1.jar;C:\Users\skothare\.m2\repository\xml-apis\xml-apis\1.0.b2\xml-apis-1.0.b2.jar;C:\Users\skothare\.m2\repository\org\hibernate\common\hibernate-commons-annotations\5.0.0.Final\hibernate-commons-annotations-5.0.0.Final.jar;C:\Users\skothare\.m2\repository\org\hibernate\javax\persistence\hibernate-jpa-2.1-api\1.0.0.Final\hibernate-jpa-2.1-api-1.0.0.Final.jar;C:\Users\skothare\.m2\repository\org\apache\geronimo\specs\geronimo-jta_1.1_spec\1.1.1\geronimo-jta_1.1_spec-1.1.1.jar;C:\Users\skothare\.m2\repository\org\javassist\javassist\3.18.1-GA\javassist-3.18.1-GA.jar;C:\Users\skothare\.m2\repository\org\springframework\spring-test\3.2.3.RELEASE\spring-test-3.2.3.RELEASE.jar;C:\Users\skothare\.m2\repository\junit\junit\4.11\junit-4.11.jar;C:\Users\skothare\.m2\repository\org\hamcrest\hamcrest-core\1.3\hamcrest-core-1.3.jar;C:\Users\skothare\.m2\repository\com\oracle\ojdbc6\11.2.0.3\ojdbc6-11.2.0.3.jar;, hibernate.bytecode.use_reflection_optimizer=false, format_sql=true, hibernate.show_sql=true, java.vm.specification.version=1.8, sun.arch.data.model=64, sun.java.command=C:\Users\skothare\git\PS6Starter\PS6_DAL\target\surefire\surefirebooter4026421032812816021.jar C:\Users\skothare\git\PS6Starter\PS6_DAL\target\surefire\surefire1131426463511705278tmp C:\Users\skothare\git\PS6Starter\PS6_DAL\target\surefire\surefire_02703355624522193013tmp, java.home=C:\Program Files\Java\jdk1.8.0_111\jre, hibernate.connection.url=jdbc:oracle:thin:@cisc181.canrkwijj6g6.us-east-1.rds.amazonaws.com:1521:ORCL, hibernate.dialect=org.hibernate.dialect.Oracle10gDialect, user.language=en, java.specification.vendor=Oracle Corporation, awt.toolkit=sun.awt.windows.WToolkit, java.vm.info=mixed mode, java.version=1.8.0_111, java.ext.dirs=C:\Program Files\Java\jdk1.8.0_111\jre\lib\ext;C:\WINDOWS\Sun\Java\lib\ext, sun.boot.class.path=C:\Program Files\Java\jdk1.8.0_111\jre\lib\resources.jar;C:\Program Files\Java\jdk1.8.0_111\jre\lib\rt.jar;C:\Program Files\Java\jdk1.8.0_111\jre\lib\sunrsasign.jar;C:\Program Files\Java\jdk1.8.0_111\jre\lib\jsse.jar;C:\Program Files\Java\jdk1.8.0_111\jre\lib\jce.jar;C:\Program Files\Java\jdk1.8.0_111\jre\lib\charsets.jar;C:\Program Files\Java\jdk1.8.0_111\jre\lib\jfr.jar;C:\Program Files\Java\jdk1.8.0_111\jre\classes, java.vendor=Oracle Corporation, localRepository=C:\Users\skothare\.m2\repository, file.separator=\, java.vendor.url.bug=http://bugreport.sun.com/bugreport/, hibernate.hbm2ddl.auto=update, sun.io.unicode.encoding=UnicodeLittle, sun.cpu.endian=little, sun.desktop=windows, sun.cpu.isalist=amd64}
19:21:07.928 [main] DEBUG o.h.secure.spi.JaccIntegrator - Skipping JACC integration as it was not enabled
19:21:07.980 [main] DEBUG o.h.b.internal.ClassLoaderAccessImpl - Not known whether passed class name [domain.PersonDomainModel] is safe
19:21:07.980 [main] DEBUG o.h.b.internal.ClassLoaderAccessImpl - No temp ClassLoader provided; using live ClassLoader for loading potentially unsafe class : domain.PersonDomainModel
19:21:08.010 [main] DEBUG o.h.b.internal.ClassLoaderAccessImpl - Not known whether passed class name [domain.PersonDomainModel] is safe
19:21:08.010 [main] DEBUG o.h.b.internal.ClassLoaderAccessImpl - No temp ClassLoader provided; using live ClassLoader for loading potentially unsafe class : domain.PersonDomainModel
19:21:08.199 [main] DEBUG o.h.p.entity.AbstractEntityPersister - Static SQL for entity: domain.PersonDomainModel
19:21:08.201 [main] DEBUG o.h.p.entity.AbstractEntityPersister -  Version select: select PersonID from KOTHARES.per where PersonID =?
19:21:08.201 [main] DEBUG o.h.p.entity.AbstractEntityPersister -  Snapshot select: select persondoma_.PersonID, persondoma_.firstName as firstName2_0_, persondoma_.middleName as middleName3_0_, persondoma_.lastName as lastName4_0_, persondoma_.street as street5_0_, persondoma_.postalCode as postalCode6_0_, persondoma_.city as city7_0_, persondoma_.birthday as birthday8_0_ from KOTHARES.per persondoma_ where persondoma_.PersonID=?
19:21:08.202 [main] DEBUG o.h.p.entity.AbstractEntityPersister -  Insert 0: insert into KOTHARES.per (firstName, middleName, lastName, street, postalCode, city, birthday, PersonID) values (?, ?, ?, ?, ?, ?, ?, ?)
19:21:08.203 [main] DEBUG o.h.p.entity.AbstractEntityPersister -  Update 0: update KOTHARES.per set firstName=?, middleName=?, lastName=?, street=?, postalCode=?, city=?, birthday=? where PersonID=?
19:21:08.204 [main] DEBUG o.h.p.entity.AbstractEntityPersister -  Delete 0: delete from KOTHARES.per where PersonID=?
19:21:08.239 [main] DEBUG o.h.l.p.b.i.spaces.QuerySpacesImpl - Adding QuerySpace : uid = &lt;gen:0&gt; -&gt; org.hibernate.loader.plan.build.internal.spaces.EntityQuerySpaceImpl@71a9b4c7]
19:21:08.241 [main] DEBUG o.h.p.w.spi.MetamodelGraphWalker - Visiting attribute path : firstName
19:21:08.241 [main] DEBUG o.h.p.w.spi.MetamodelGraphWalker - Visiting attribute path : middleName
19:21:08.241 [main] DEBUG o.h.p.w.spi.MetamodelGraphWalker - Visiting attribute path : lastName
19:21:08.241 [main] DEBUG o.h.p.w.spi.MetamodelGraphWalker - Visiting attribute path : street
19:21:08.241 [main] DEBUG o.h.p.w.spi.MetamodelGraphWalker - Visiting attribute path : postalCode
19:21:08.241 [main] DEBUG o.h.p.w.spi.MetamodelGraphWalker - Visiting attribute path : city
19:21:08.241 [main] DEBUG o.h.p.w.spi.MetamodelGraphWalker - Visiting attribute path : birthday
19:21:08.242 [main] DEBUG o.h.l.p.b.i.FetchStyleLoadPlanBuildingAssociationVisitationStrategy - Building LoadPlan...
19:21:08.278 [main] DEBUG o.h.l.p.e.i.LoadQueryJoinAndFetchProcessor - processing queryspace &lt;gen:0&gt;
19:21:08.287 [main] DEBUG o.h.l.p.b.spi.LoadPlanTreePrinter - LoadPlan(entity=domain.PersonDomainModel)
    - Returns
       - EntityReturnImpl(entity=domain.PersonDomainModel, querySpaceUid=&lt;gen:0&gt;, path=domain.PersonDomainModel)
    - QuerySpaces
       - EntityQuerySpaceImpl(uid=&lt;gen:0&gt;, entity=domain.PersonDomainModel)
          - SQL table alias mapping - persondoma0_
          - alias suffix - 0_
          - suffixed key columns - {PersonID1_0_0_}

19:21:08.291 [main] DEBUG o.h.loader.entity.plan.EntityLoader - Static select for entity domain.PersonDomainModel [NONE]: select persondoma0_.PersonID as PersonID1_0_0_, persondoma0_.firstName as firstName2_0_0_, persondoma0_.middleName as middleName3_0_0_, persondoma0_.lastName as lastName4_0_0_, persondoma0_.street as street5_0_0_, persondoma0_.postalCode as postalCode6_0_0_, persondoma0_.city as city7_0_0_, persondoma0_.birthday as birthday8_0_0_ from KOTHARES.per persondoma0_ where persondoma0_.PersonID=?
19:21:08.291 [main] DEBUG o.h.l.p.b.i.spaces.QuerySpacesImpl - Adding QuerySpace : uid = &lt;gen:0&gt; -&gt; org.hibernate.loader.plan.build.internal.spaces.EntityQuerySpaceImpl@41200e0c]
19:21:08.291 [main] DEBUG o.h.p.w.spi.MetamodelGraphWalker - Visiting attribute path : firstName
19:21:08.291 [main] DEBUG o.h.p.w.spi.MetamodelGraphWalker - Visiting attribute path : middleName
19:21:08.291 [main] DEBUG o.h.p.w.spi.MetamodelGraphWalker - Visiting attribute path : lastName
19:21:08.291 [main] DEBUG o.h.p.w.spi.MetamodelGraphWalker - Visiting attribute path : street
19:21:08.291 [main] DEBUG o.h.p.w.spi.MetamodelGraphWalker - Visiting attribute path : postalCode
19:21:08.292 [main] DEBUG o.h.p.w.spi.MetamodelGraphWalker - Visiting attribute path : city
19:21:08.292 [main] DEBUG o.h.p.w.spi.MetamodelGraphWalker - Visiting attribute path : birthday
19:21:08.292 [main] DEBUG o.h.l.p.b.i.FetchStyleLoadPlanBuildingAssociationVisitationStrategy - Building LoadPlan...
19:21:08.292 [main] DEBUG o.h.l.p.e.i.LoadQueryJoinAndFetchProcessor - processing queryspace &lt;gen:0&gt;
19:21:08.293 [main] DEBUG o.h.l.p.b.spi.LoadPlanTreePrinter - LoadPlan(entity=domain.PersonDomainModel)
    - Returns
       - EntityReturnImpl(entity=domain.PersonDomainModel, querySpaceUid=&lt;gen:0&gt;, path=domain.PersonDomainModel)
    - QuerySpaces
       - EntityQuerySpaceImpl(uid=&lt;gen:0&gt;, entity=domain.PersonDomainModel)
          - SQL table alias mapping - persondoma0_
          - alias suffix - 0_
          - suffixed key columns - {PersonID1_0_0_}

19:21:08.293 [main] DEBUG o.h.loader.entity.plan.EntityLoader - Static select for entity domain.PersonDomainModel [READ]: select persondoma0_.PersonID as PersonID1_0_0_, persondoma0_.firstName as firstName2_0_0_, persondoma0_.middleName as middleName3_0_0_, persondoma0_.lastName as lastName4_0_0_, persondoma0_.street as street5_0_0_, persondoma0_.postalCode as postalCode6_0_0_, persondoma0_.city as city7_0_0_, persondoma0_.birthday as birthday8_0_0_ from KOTHARES.per persondoma0_ where persondoma0_.PersonID=?
19:21:08.293 [main] DEBUG o.h.l.p.b.i.spaces.QuerySpacesImpl - Adding QuerySpace : uid = &lt;gen:0&gt; -&gt; org.hibernate.loader.plan.build.internal.spaces.EntityQuerySpaceImpl@4fbdc0f0]
19:21:08.293 [main] DEBUG o.h.p.w.spi.MetamodelGraphWalker - Visiting attribute path : firstName
19:21:08.293 [main] DEBUG o.h.p.w.spi.MetamodelGraphWalker - Visiting attribute path : middleName
19:21:08.293 [main] DEBUG o.h.p.w.spi.MetamodelGraphWalker - Visiting attribute path : lastName
19:21:08.293 [main] DEBUG o.h.p.w.spi.MetamodelGraphWalker - Visiting attribute path : street
19:21:08.293 [main] DEBUG o.h.p.w.spi.MetamodelGraphWalker - Visiting attribute path : postalCode
19:21:08.294 [main] DEBUG o.h.p.w.spi.MetamodelGraphWalker - Visiting attribute path : city
19:21:08.294 [main] DEBUG o.h.p.w.spi.MetamodelGraphWalker - Visiting attribute path : birthday
19:21:08.294 [main] DEBUG o.h.l.p.b.i.FetchStyleLoadPlanBuildingAssociationVisitationStrategy - Building LoadPlan...
19:21:08.294 [main] DEBUG o.h.l.p.e.i.LoadQueryJoinAndFetchProcessor - processing queryspace &lt;gen:0&gt;
19:21:08.295 [main] DEBUG o.h.l.p.b.spi.LoadPlanTreePrinter - LoadPlan(entity=domain.PersonDomainModel)
    - Returns
       - EntityReturnImpl(entity=domain.PersonDomainModel, querySpaceUid=&lt;gen:0&gt;, path=domain.PersonDomainModel)
    - QuerySpaces
       - EntityQuerySpaceImpl(uid=&lt;gen:0&gt;, entity=domain.PersonDomainModel)
          - SQL table alias mapping - persondoma0_
          - alias suffix - 0_
          - suffixed key columns - {PersonID1_0_0_}

19:21:08.295 [main] DEBUG o.h.loader.entity.plan.EntityLoader - Static select for entity domain.PersonDomainModel [UPGRADE]: select persondoma0_.PersonID as PersonID1_0_0_, persondoma0_.firstName as firstName2_0_0_, persondoma0_.middleName as middleName3_0_0_, persondoma0_.lastName as lastName4_0_0_, persondoma0_.street as street5_0_0_, persondoma0_.postalCode as postalCode6_0_0_, persondoma0_.city as city7_0_0_, persondoma0_.birthday as birthday8_0_0_ from KOTHARES.per persondoma0_ where persondoma0_.PersonID=? for update
19:21:08.295 [main] DEBUG o.h.l.p.b.i.spaces.QuerySpacesImpl - Adding QuerySpace : uid = &lt;gen:0&gt; -&gt; org.hibernate.loader.plan.build.internal.spaces.EntityQuerySpaceImpl@6bc28a83]
19:21:08.295 [main] DEBUG o.h.p.w.spi.MetamodelGraphWalker - Visiting attribute path : firstName
19:21:08.295 [main] DEBUG o.h.p.w.spi.MetamodelGraphWalker - Visiting attribute path : middleName
19:21:08.295 [main] DEBUG o.h.p.w.spi.MetamodelGraphWalker - Visiting attribute path : lastName
19:21:08.295 [main] DEBUG o.h.p.w.spi.MetamodelGraphWalker - Visiting attribute path : street
19:21:08.296 [main] DEBUG o.h.p.w.spi.MetamodelGraphWalker - Visiting attribute path : postalCode
19:21:08.296 [main] DEBUG o.h.p.w.spi.MetamodelGraphWalker - Visiting attribute path : city
19:21:08.296 [main] DEBUG o.h.p.w.spi.MetamodelGraphWalker - Visiting attribute path : birthday
19:21:08.296 [main] DEBUG o.h.l.p.b.i.FetchStyleLoadPlanBuildingAssociationVisitationStrategy - Building LoadPlan...
19:21:08.298 [main] DEBUG o.h.l.p.e.i.LoadQueryJoinAndFetchProcessor - processing queryspace &lt;gen:0&gt;
19:21:08.299 [main] DEBUG o.h.l.p.b.spi.LoadPlanTreePrinter - LoadPlan(entity=domain.PersonDomainModel)
    - Returns
       - EntityReturnImpl(entity=domain.PersonDomainModel, querySpaceUid=&lt;gen:0&gt;, path=domain.PersonDomainModel)
    - QuerySpaces
       - EntityQuerySpaceImpl(uid=&lt;gen:0&gt;, entity=domain.PersonDomainModel)
          - SQL table alias mapping - persondoma0_
          - alias suffix - 0_
          - suffixed key columns - {PersonID1_0_0_}

19:21:08.299 [main] DEBUG o.h.loader.entity.plan.EntityLoader - Static select for entity domain.PersonDomainModel [UPGRADE_NOWAIT]: select persondoma0_.PersonID as PersonID1_0_0_, persondoma0_.firstName as firstName2_0_0_, persondoma0_.middleName as middleName3_0_0_, persondoma0_.lastName as lastName4_0_0_, persondoma0_.street as street5_0_0_, persondoma0_.postalCode as postalCode6_0_0_, persondoma0_.city as city7_0_0_, persondoma0_.birthday as birthday8_0_0_ from KOTHARES.per persondoma0_ where persondoma0_.PersonID=? for update nowait
19:21:08.300 [main] DEBUG o.h.l.p.b.i.spaces.QuerySpacesImpl - Adding QuerySpace : uid = &lt;gen:0&gt; -&gt; org.hibernate.loader.plan.build.internal.spaces.EntityQuerySpaceImpl@13579834]
19:21:08.300 [main] DEBUG o.h.p.w.spi.MetamodelGraphWalker - Visiting attribute path : firstName
19:21:08.300 [main] DEBUG o.h.p.w.spi.MetamodelGraphWalker - Visiting attribute path : middleName
19:21:08.300 [main] DEBUG o.h.p.w.spi.MetamodelGraphWalker - Visiting attribute path : lastName
19:21:08.301 [main] DEBUG o.h.p.w.spi.MetamodelGraphWalker - Visiting attribute path : street
19:21:08.301 [main] DEBUG o.h.p.w.spi.MetamodelGraphWalker - Visiting attribute path : postalCode
19:21:08.301 [main] DEBUG o.h.p.w.spi.MetamodelGraphWalker - Visiting attribute path : city
19:21:08.305 [main] DEBUG o.h.p.w.spi.MetamodelGraphWalker - Visiting attribute path : birthday
19:21:08.307 [main] DEBUG o.h.l.p.b.i.FetchStyleLoadPlanBuildingAssociationVisitationStrategy - Building LoadPlan...
19:21:08.310 [main] DEBUG o.h.l.p.e.i.LoadQueryJoinAndFetchProcessor - processing queryspace &lt;gen:0&gt;
19:21:08.311 [main] DEBUG o.h.l.p.b.spi.LoadPlanTreePrinter - LoadPlan(entity=domain.PersonDomainModel)
    - Returns
       - EntityReturnImpl(entity=domain.PersonDomainModel, querySpaceUid=&lt;gen:0&gt;, path=domain.PersonDomainModel)
    - QuerySpaces
       - EntityQuerySpaceImpl(uid=&lt;gen:0&gt;, entity=domain.PersonDomainModel)
          - SQL table alias mapping - persondoma0_
          - alias suffix - 0_
          - suffixed key columns - {PersonID1_0_0_}

19:21:08.311 [main] DEBUG o.h.loader.entity.plan.EntityLoader - Static select for entity domain.PersonDomainModel [UPGRADE_SKIPLOCKED]: select persondoma0_.PersonID as PersonID1_0_0_, persondoma0_.firstName as firstName2_0_0_, persondoma0_.middleName as middleName3_0_0_, persondoma0_.lastName as lastName4_0_0_, persondoma0_.street as street5_0_0_, persondoma0_.postalCode as postalCode6_0_0_, persondoma0_.city as city7_0_0_, persondoma0_.birthday as birthday8_0_0_ from KOTHARES.per persondoma0_ where persondoma0_.PersonID=? for update skip locked
19:21:08.311 [main] DEBUG o.h.l.p.b.i.spaces.QuerySpacesImpl - Adding QuerySpace : uid = &lt;gen:0&gt; -&gt; org.hibernate.loader.plan.build.internal.spaces.EntityQuerySpaceImpl@5bd73d1a]
19:21:08.312 [main] DEBUG o.h.p.w.spi.MetamodelGraphWalker - Visiting attribute path : firstName
19:21:08.312 [main] DEBUG o.h.p.w.spi.MetamodelGraphWalker - Visiting attribute path : middleName
19:21:08.312 [main] DEBUG o.h.p.w.spi.MetamodelGraphWalker - Visiting attribute path : lastName
19:21:08.312 [main] DEBUG o.h.p.w.spi.MetamodelGraphWalker - Visiting attribute path : street
19:21:08.312 [main] DEBUG o.h.p.w.spi.MetamodelGraphWalker - Visiting attribute path : postalCode
19:21:08.313 [main] DEBUG o.h.p.w.spi.MetamodelGraphWalker - Visiting attribute path : city
19:21:08.313 [main] DEBUG o.h.p.w.spi.MetamodelGraphWalker - Visiting attribute path : birthday
19:21:08.313 [main] DEBUG o.h.l.p.b.i.FetchStyleLoadPlanBuildingAssociationVisitationStrategy - Building LoadPlan...
19:21:08.314 [main] DEBUG o.h.l.p.e.i.LoadQueryJoinAndFetchProcessor - processing queryspace &lt;gen:0&gt;
19:21:08.315 [main] DEBUG o.h.l.p.b.spi.LoadPlanTreePrinter - LoadPlan(entity=domain.PersonDomainModel)
    - Returns
       - EntityReturnImpl(entity=domain.PersonDomainModel, querySpaceUid=&lt;gen:0&gt;, path=domain.PersonDomainModel)
    - QuerySpaces
       - EntityQuerySpaceImpl(uid=&lt;gen:0&gt;, entity=domain.PersonDomainModel)
          - SQL table alias mapping - persondoma0_
          - alias suffix - 0_
          - suffixed key columns - {PersonID1_0_0_}

19:21:08.316 [main] DEBUG o.h.loader.entity.plan.EntityLoader - Static select for entity domain.PersonDomainModel [FORCE]: select persondoma0_.PersonID as PersonID1_0_0_, persondoma0_.firstName as firstName2_0_0_, persondoma0_.middleName as middleName3_0_0_, persondoma0_.lastName as lastName4_0_0_, persondoma0_.street as street5_0_0_, persondoma0_.postalCode as postalCode6_0_0_, persondoma0_.city as city7_0_0_, persondoma0_.birthday as birthday8_0_0_ from KOTHARES.per persondoma0_ where persondoma0_.PersonID=? for update nowait
19:21:08.317 [main] DEBUG o.h.l.p.b.i.spaces.QuerySpacesImpl - Adding QuerySpace : uid = &lt;gen:0&gt; -&gt; org.hibernate.loader.plan.build.internal.spaces.EntityQuerySpaceImpl@2555fff0]
19:21:08.318 [main] DEBUG o.h.p.w.spi.MetamodelGraphWalker - Visiting attribute path : firstName
19:21:08.319 [main] DEBUG o.h.p.w.spi.MetamodelGraphWalker - Visiting attribute path : middleName
19:21:08.319 [main] DEBUG o.h.p.w.spi.MetamodelGraphWalker - Visiting attribute path : lastName
19:21:08.320 [main] DEBUG o.h.p.w.spi.MetamodelGraphWalker - Visiting attribute path : street
19:21:08.320 [main] DEBUG o.h.p.w.spi.MetamodelGraphWalker - Visiting attribute path : postalCode
19:21:08.320 [main] DEBUG o.h.p.w.spi.MetamodelGraphWalker - Visiting attribute path : city
19:21:08.320 [main] DEBUG o.h.p.w.spi.MetamodelGraphWalker - Visiting attribute path : birthday
19:21:08.320 [main] DEBUG o.h.l.p.b.i.FetchStyleLoadPlanBuildingAssociationVisitationStrategy - Building LoadPlan...
19:21:08.320 [main] DEBUG o.h.l.p.e.i.LoadQueryJoinAndFetchProcessor - processing queryspace &lt;gen:0&gt;
19:21:08.321 [main] DEBUG o.h.l.p.b.spi.LoadPlanTreePrinter - LoadPlan(entity=domain.PersonDomainModel)
    - Returns
       - EntityReturnImpl(entity=domain.PersonDomainModel, querySpaceUid=&lt;gen:0&gt;, path=domain.PersonDomainModel)
    - QuerySpaces
       - EntityQuerySpaceImpl(uid=&lt;gen:0&gt;, entity=domain.PersonDomainModel)
          - SQL table alias mapping - persondoma0_
          - alias suffix - 0_
          - suffixed key columns - {PersonID1_0_0_}

19:21:08.321 [main] DEBUG o.h.loader.entity.plan.EntityLoader - Static select for entity domain.PersonDomainModel [PESSIMISTIC_READ]: select persondoma0_.PersonID as PersonID1_0_0_, persondoma0_.firstName as firstName2_0_0_, persondoma0_.middleName as middleName3_0_0_, persondoma0_.lastName as lastName4_0_0_, persondoma0_.street as street5_0_0_, persondoma0_.postalCode as postalCode6_0_0_, persondoma0_.city as city7_0_0_, persondoma0_.birthday as birthday8_0_0_ from KOTHARES.per persondoma0_ where persondoma0_.PersonID=? for update
19:21:08.321 [main] DEBUG o.h.l.p.b.i.spaces.QuerySpacesImpl - Adding QuerySpace : uid = &lt;gen:0&gt; -&gt; org.hibernate.loader.plan.build.internal.spaces.EntityQuerySpaceImpl@120f38e6]
19:21:08.322 [main] DEBUG o.h.p.w.spi.MetamodelGraphWalker - Visiting attribute path : firstName
19:21:08.322 [main] DEBUG o.h.p.w.spi.MetamodelGraphWalker - Visiting attribute path : middleName
19:21:08.322 [main] DEBUG o.h.p.w.spi.MetamodelGraphWalker - Visiting attribute path : lastName
19:21:08.322 [main] DEBUG o.h.p.w.spi.MetamodelGraphWalker - Visiting attribute path : street
19:21:08.322 [main] DEBUG o.h.p.w.spi.MetamodelGraphWalker - Visiting attribute path : postalCode
19:21:08.322 [main] DEBUG o.h.p.w.spi.MetamodelGraphWalker - Visiting attribute path : city
19:21:08.322 [main] DEBUG o.h.p.w.spi.MetamodelGraphWalker - Visiting attribute path : birthday
19:21:08.322 [main] DEBUG o.h.l.p.b.i.FetchStyleLoadPlanBuildingAssociationVisitationStrategy - Building LoadPlan...
19:21:08.323 [main] DEBUG o.h.l.p.e.i.LoadQueryJoinAndFetchProcessor - processing queryspace &lt;gen:0&gt;
19:21:08.323 [main] DEBUG o.h.l.p.b.spi.LoadPlanTreePrinter - LoadPlan(entity=domain.PersonDomainModel)
    - Returns
       - EntityReturnImpl(entity=domain.PersonDomainModel, querySpaceUid=&lt;gen:0&gt;, path=domain.PersonDomainModel)
    - QuerySpaces
       - EntityQuerySpaceImpl(uid=&lt;gen:0&gt;, entity=domain.PersonDomainModel)
          - SQL table alias mapping - persondoma0_
          - alias suffix - 0_
          - suffixed key columns - {PersonID1_0_0_}

19:21:08.323 [main] DEBUG o.h.loader.entity.plan.EntityLoader - Static select for entity domain.PersonDomainModel [PESSIMISTIC_WRITE]: select persondoma0_.PersonID as PersonID1_0_0_, persondoma0_.firstName as firstName2_0_0_, persondoma0_.middleName as middleName3_0_0_, persondoma0_.lastName as lastName4_0_0_, persondoma0_.street as street5_0_0_, persondoma0_.postalCode as postalCode6_0_0_, persondoma0_.city as city7_0_0_, persondoma0_.birthday as birthday8_0_0_ from KOTHARES.per persondoma0_ where persondoma0_.PersonID=? for update
19:21:08.324 [main] DEBUG o.h.l.p.b.i.spaces.QuerySpacesImpl - Adding QuerySpace : uid = &lt;gen:0&gt; -&gt; org.hibernate.loader.plan.build.internal.spaces.EntityQuerySpaceImpl@702ed190]
19:21:08.324 [main] DEBUG o.h.p.w.spi.MetamodelGraphWalker - Visiting attribute path : firstName
19:21:08.324 [main] DEBUG o.h.p.w.spi.MetamodelGraphWalker - Visiting attribute path : middleName
19:21:08.324 [main] DEBUG o.h.p.w.spi.MetamodelGraphWalker - Visiting attribute path : lastName
19:21:08.324 [main] DEBUG o.h.p.w.spi.MetamodelGraphWalker - Visiting attribute path : street
19:21:08.324 [main] DEBUG o.h.p.w.spi.MetamodelGraphWalker - Visiting attribute path : postalCode
19:21:08.324 [main] DEBUG o.h.p.w.spi.MetamodelGraphWalker - Visiting attribute path : city
19:21:08.325 [main] DEBUG o.h.p.w.spi.MetamodelGraphWalker - Visiting attribute path : birthday
19:21:08.325 [main] DEBUG o.h.l.p.b.i.FetchStyleLoadPlanBuildingAssociationVisitationStrategy - Building LoadPlan...
19:21:08.325 [main] DEBUG o.h.l.p.e.i.LoadQueryJoinAndFetchProcessor - processing queryspace &lt;gen:0&gt;
19:21:08.326 [main] DEBUG o.h.l.p.b.spi.LoadPlanTreePrinter - LoadPlan(entity=domain.PersonDomainModel)
    - Returns
       - EntityReturnImpl(entity=domain.PersonDomainModel, querySpaceUid=&lt;gen:0&gt;, path=domain.PersonDomainModel)
    - QuerySpaces
       - EntityQuerySpaceImpl(uid=&lt;gen:0&gt;, entity=domain.PersonDomainModel)
          - SQL table alias mapping - persondoma0_
          - alias suffix - 0_
          - suffixed key columns - {PersonID1_0_0_}

19:21:08.326 [main] DEBUG o.h.loader.entity.plan.EntityLoader - Static select for entity domain.PersonDomainModel [PESSIMISTIC_FORCE_INCREMENT]: select persondoma0_.PersonID as PersonID1_0_0_, persondoma0_.firstName as firstName2_0_0_, persondoma0_.middleName as middleName3_0_0_, persondoma0_.lastName as lastName4_0_0_, persondoma0_.street as street5_0_0_, persondoma0_.postalCode as postalCode6_0_0_, persondoma0_.city as city7_0_0_, persondoma0_.birthday as birthday8_0_0_ from KOTHARES.per persondoma0_ where persondoma0_.PersonID=? for update nowait
19:21:08.327 [main] DEBUG o.h.l.p.b.i.spaces.QuerySpacesImpl - Adding QuerySpace : uid = &lt;gen:0&gt; -&gt; org.hibernate.loader.plan.build.internal.spaces.EntityQuerySpaceImpl@7c18432b]
19:21:08.328 [main] DEBUG o.h.p.w.spi.MetamodelGraphWalker - Visiting attribute path : firstName
19:21:08.331 [main] DEBUG o.h.p.w.spi.MetamodelGraphWalker - Visiting attribute path : middleName
19:21:08.342 [main] DEBUG o.h.p.w.spi.MetamodelGraphWalker - Visiting attribute path : lastName
19:21:08.342 [main] DEBUG o.h.p.w.spi.MetamodelGraphWalker - Visiting attribute path : street
19:21:08.345 [main] DEBUG o.h.p.w.spi.MetamodelGraphWalker - Visiting attribute path : postalCode
19:21:08.346 [main] DEBUG o.h.p.w.spi.MetamodelGraphWalker - Visiting attribute path : city
19:21:08.346 [main] DEBUG o.h.p.w.spi.MetamodelGraphWalker - Visiting attribute path : birthday
19:21:08.346 [main] DEBUG o.h.l.p.b.i.FetchStyleLoadPlanBuildingAssociationVisitationStrategy - Building LoadPlan...
19:21:08.347 [main] DEBUG o.h.l.p.e.i.LoadQueryJoinAndFetchProcessor - processing queryspace &lt;gen:0&gt;
19:21:08.397 [main] DEBUG o.h.l.p.b.spi.LoadPlanTreePrinter - LoadPlan(entity=domain.PersonDomainModel)
    - Returns
       - EntityReturnImpl(entity=domain.PersonDomainModel, querySpaceUid=&lt;gen:0&gt;, path=domain.PersonDomainModel)
    - QuerySpaces
       - EntityQuerySpaceImpl(uid=&lt;gen:0&gt;, entity=domain.PersonDomainModel)
          - SQL table alias mapping - persondoma0_
          - alias suffix - 0_
          - suffixed key columns - {PersonID1_0_0_}

19:21:08.399 [main] DEBUG o.h.loader.entity.plan.EntityLoader - Static select for entity domain.PersonDomainModel [OPTIMISTIC]: select persondoma0_.PersonID as PersonID1_0_0_, persondoma0_.firstName as firstName2_0_0_, persondoma0_.middleName as middleName3_0_0_, persondoma0_.lastName as lastName4_0_0_, persondoma0_.street as street5_0_0_, persondoma0_.postalCode as postalCode6_0_0_, persondoma0_.city as city7_0_0_, persondoma0_.birthday as birthday8_0_0_ from KOTHARES.per persondoma0_ where persondoma0_.PersonID=?
19:21:08.399 [main] DEBUG o.h.l.p.b.i.spaces.QuerySpacesImpl - Adding QuerySpace : uid = &lt;gen:0&gt; -&gt; org.hibernate.loader.plan.build.internal.spaces.EntityQuerySpaceImpl@70e29e14]
19:21:08.401 [main] DEBUG o.h.p.w.spi.MetamodelGraphWalker - Visiting attribute path : firstName
19:21:08.419 [main] DEBUG o.h.p.w.spi.MetamodelGraphWalker - Visiting attribute path : middleName
19:21:08.422 [main] DEBUG o.h.p.w.spi.MetamodelGraphWalker - Visiting attribute path : lastName
19:21:08.422 [main] DEBUG o.h.p.w.spi.MetamodelGraphWalker - Visiting attribute path : street
19:21:08.425 [main] DEBUG o.h.p.w.spi.MetamodelGraphWalker - Visiting attribute path : postalCode
19:21:08.426 [main] DEBUG o.h.p.w.spi.MetamodelGraphWalker - Visiting attribute path : city
19:21:08.427 [main] DEBUG o.h.p.w.spi.MetamodelGraphWalker - Visiting attribute path : birthday
19:21:08.427 [main] DEBUG o.h.l.p.b.i.FetchStyleLoadPlanBuildingAssociationVisitationStrategy - Building LoadPlan...
19:21:08.427 [main] DEBUG o.h.l.p.e.i.LoadQueryJoinAndFetchProcessor - processing queryspace &lt;gen:0&gt;
19:21:08.430 [main] DEBUG o.h.l.p.b.spi.LoadPlanTreePrinter - LoadPlan(entity=domain.PersonDomainModel)
    - Returns
       - EntityReturnImpl(entity=domain.PersonDomainModel, querySpaceUid=&lt;gen:0&gt;, path=domain.PersonDomainModel)
    - QuerySpaces
       - EntityQuerySpaceImpl(uid=&lt;gen:0&gt;, entity=domain.PersonDomainModel)
          - SQL table alias mapping - persondoma0_
          - alias suffix - 0_
          - suffixed key columns - {PersonID1_0_0_}

19:21:08.430 [main] DEBUG o.h.loader.entity.plan.EntityLoader - Static select for entity domain.PersonDomainModel [OPTIMISTIC_FORCE_INCREMENT]: select persondoma0_.PersonID as PersonID1_0_0_, persondoma0_.firstName as firstName2_0_0_, persondoma0_.middleName as middleName3_0_0_, persondoma0_.lastName as lastName4_0_0_, persondoma0_.street as street5_0_0_, persondoma0_.postalCode as postalCode6_0_0_, persondoma0_.city as city7_0_0_, persondoma0_.birthday as birthday8_0_0_ from KOTHARES.per persondoma0_ where persondoma0_.PersonID=?
19:21:08.461 [main] DEBUG org.hibernate.loader.Loader - Static select for action ACTION_MERGE on entity domain.PersonDomainModel: select persondoma0_.PersonID as PersonID1_0_0_, persondoma0_.firstName as firstName2_0_0_, persondoma0_.middleName as middleName3_0_0_, persondoma0_.lastName as lastName4_0_0_, persondoma0_.street as street5_0_0_, persondoma0_.postalCode as postalCode6_0_0_, persondoma0_.city as city7_0_0_, persondoma0_.birthday as birthday8_0_0_ from KOTHARES.per persondoma0_ where persondoma0_.PersonID=?
19:21:08.461 [main] DEBUG org.hibernate.loader.Loader - Static select for action ACTION_REFRESH on entity domain.PersonDomainModel: select persondoma0_.PersonID as PersonID1_0_0_, persondoma0_.firstName as firstName2_0_0_, persondoma0_.middleName as middleName3_0_0_, persondoma0_.lastName as lastName4_0_0_, persondoma0_.street as street5_0_0_, persondoma0_.postalCode as postalCode6_0_0_, persondoma0_.city as city7_0_0_, persondoma0_.birthday as birthday8_0_0_ from KOTHARES.per persondoma0_ where persondoma0_.PersonID=?
19:21:08.461 [main] DEBUG o.h.internal.SessionFactoryImpl - Instantiated session factory
19:21:08.467 [main] INFO  o.h.tool.hbm2ddl.SchemaUpdate - HHH000228: Running hbm2ddl schema update
19:21:09.073 [main] DEBUG o.h.tool.hbm2ddl.SchemaUpdate - No alter strings for table : per
19:21:09.083 [main] DEBUG o.h.e.t.j.p.i.JtaPlatformInitiator - No JtaPlatform was specified, checking resolver
19:21:09.084 [main] DEBUG o.h.e.t.j.p.i.JtaPlatformResolverInitiator - No JtaPlatformResolver was specified, using default [org.hibernate.engine.transaction.jta.platform.internal.StandardJtaPlatformResolver]
19:21:09.089 [main] DEBUG o.h.e.t.j.p.i.StandardJtaPlatformResolver - Could not resolve JtaPlatform, using default [org.hibernate.engine.transaction.jta.platform.internal.NoJtaPlatform]
19:21:09.091 [main] DEBUG o.h.internal.NamedQueryRepository - Checking 0 named HQL queries
19:21:09.092 [main] DEBUG o.h.internal.NamedQueryRepository - Checking 0 named SQL queries
19:21:09.095 [main] DEBUG o.h.internal.SessionFactoryRegistry - Initializing SessionFactoryRegistry : org.hibernate.internal.SessionFactoryRegistry@71652c98
19:21:09.100 [main] DEBUG o.h.internal.SessionFactoryRegistry - Registering SessionFactory: 2f7386b4-18f7-4a33-bead-0d366459945d (&lt;unnamed&gt;)
19:21:09.100 [main] DEBUG o.h.internal.SessionFactoryRegistry - Not binding SessionFactory to JNDI, no JNDI name configured
19:21:09.181 [main] DEBUG o.h.s.internal.StatisticsInitiator - Statistics initialized [enabled=false]
19:21:09.185 [main] DEBUG o.h.e.t.internal.TransactionImpl - begin
19:21:09.194 [main] DEBUG o.h.e.i.AbstractSaveEventListener - Generated identifier: c6153a56-4710-4075-be7a-db85bae7aa03, using strategy: org.hibernate.id.Assigned
19:21:09.215 [main] DEBUG o.h.e.t.internal.TransactionImpl - committing
19:21:09.216 [main] DEBUG o.h.e.i.AbstractFlushingEventListener - Processing flush-time cascades
19:21:09.218 [main] DEBUG o.h.e.i.AbstractFlushingEventListener - Dirty checking collections
19:21:09.220 [main] DEBUG o.h.e.i.AbstractFlushingEventListener - Flushed: 1 insertions, 0 updates, 0 deletions to 1 objects
19:21:09.220 [main] DEBUG o.h.e.i.AbstractFlushingEventListener - Flushed: 0 (re)creations, 0 updates, 0 removals to 0 collections
19:21:09.222 [main] DEBUG o.h.internal.util.EntityPrinter - Listing entities:
19:21:09.227 [main] DEBUG o.h.internal.util.EntityPrinter - domain.PersonDomainModel{birthday=Sun Nov 27 00:00:00 EST 1994, firstName=Mingkun, lastName=Chen, PersonID=c6153a56-4710-4075-be7a-db85bae7aa03, city=Elkton, street=702 Stone Gate Blvd, postalCode=21921, middleName=a}
19:21:09.253 [main] DEBUG org.hibernate.SQL - 
    insert 
    into
        KOTHARES.per
        (firstName, middleName, lastName, street, postalCode, city, birthday, PersonID) 
    values
        (?, ?, ?, ?, ?, ?, ?, ?)
Hibernate: 
    insert 
    into
        KOTHARES.per
        (firstName, middleName, lastName, street, postalCode, city, birthday, PersonID) 
    values
        (?, ?, ?, ?, ?, ?, ?, ?)
19:21:09.287 [main] DEBUG o.h.e.j.internal.JdbcCoordinatorImpl - HHH000420: Closing un-released batch
19:21:09.290 [main] DEBUG o.h.e.t.internal.TransactionImpl - begin
19:21:09.305 [main] DEBUG o.h.h.i.QueryTranslatorFactoryInitiator - QueryTranslatorFactory : org.hibernate.hql.internal.ast.ASTQueryTranslatorFactory@21ae6e73
19:21:09.305 [main] INFO  o.h.h.i.QueryTranslatorFactoryInitiator - HHH000397: Using ASTQueryTranslatorFactory
19:21:09.368 [main] DEBUG o.h.h.i.ast.QueryTranslatorImpl - parse() - HQL: from domain.PersonDomainModel where personId = :id 
19:21:09.397 [main] DEBUG o.h.h.i.ast.QueryTranslatorImpl - --- HQL AST ---
 \-[QUERY] Node: &apos;query&apos;
    +-[SELECT_FROM] Node: &apos;SELECT_FROM&apos;
    |  \-[FROM] Node: &apos;from&apos;
    |     \-[RANGE] Node: &apos;RANGE&apos;
    |        \-[DOT] Node: &apos;.&apos;
    |           +-[IDENT] Node: &apos;domain&apos;
    |           \-[IDENT] Node: &apos;PersonDomainModel&apos;
    \-[WHERE] Node: &apos;where&apos;
       \-[EQ] Node: &apos;=&apos;
          +-[IDENT] Node: &apos;personId&apos;
          \-[COLON] Node: &apos;:&apos;
             \-[IDENT] Node: &apos;id&apos;

19:21:09.405 [main] DEBUG o.h.hql.internal.ast.ErrorCounter - throwQueryException() : no errors
19:21:09.457 [main] DEBUG o.h.h.i.antlr.HqlSqlBaseWalker - select &lt;&lt; begin [level=1, statement=select]
19:21:09.489 [main] DEBUG o.h.h.internal.ast.tree.FromElement - FromClause{level=1} : domain.PersonDomainModel (&lt;no alias&gt;) -&gt; persondoma0_
19:21:09.500 [main] DEBUG o.h.h.i.antlr.HqlSqlBaseWalker - select : finishing up [level=1, statement=select]
19:21:09.500 [main] DEBUG o.h.hql.internal.ast.HqlSqlWalker - processQuery() :  ( SELECT ( FromClause{level=1} KOTHARES.per persondoma0_ ) ( where ( = personId ? ) ) )
19:21:09.513 [main] DEBUG o.h.hql.internal.ast.HqlSqlWalker - Derived SELECT clause created.
19:21:09.522 [main] DEBUG o.h.h.i.ast.util.JoinProcessor - Using FROM fragment [KOTHARES.per persondoma0_]
19:21:09.522 [main] DEBUG o.h.h.i.antlr.HqlSqlBaseWalker - select &gt;&gt; end [level=1, statement=select]
19:21:09.524 [main] DEBUG o.h.h.i.ast.QueryTranslatorImpl - --- SQL AST ---
 \-[SELECT] QueryNode: &apos;SELECT&apos;  querySpaces (KOTHARES.per)
    +-[SELECT_CLAUSE] SelectClause: &apos;{derived select clause}&apos;
    |  +-[SELECT_EXPR] SelectExpressionImpl: &apos;persondoma0_.PersonID as PersonID1_0_&apos; {FromElement{explicit,not a collection join,not a fetch join,fetch non-lazy properties,classAlias=null,role=null,tableName=KOTHARES.per,tableAlias=persondoma0_,origin=null,columns={,className=domain.PersonDomainModel}}}
    |  \-[SQL_TOKEN] SqlFragment: &apos;persondoma0_.firstName as firstName2_0_, persondoma0_.middleName as middleName3_0_, persondoma0_.lastName as lastName4_0_, persondoma0_.street as street5_0_, persondoma0_.postalCode as postalCode6_0_, persondoma0_.city as city7_0_, persondoma0_.birthday as birthday8_0_&apos;
    +-[FROM] FromClause: &apos;from&apos; FromClause{level=1, fromElementCounter=1, fromElements=1, fromElementByClassAlias=[], fromElementByTableAlias=[persondoma0_], fromElementsByPath=[], collectionJoinFromElementsByPath=[], impliedElements=[]}
    |  \-[FROM_FRAGMENT] FromElement: &apos;KOTHARES.per persondoma0_&apos; FromElement{explicit,not a collection join,not a fetch join,fetch non-lazy properties,classAlias=null,role=null,tableName=KOTHARES.per,tableAlias=persondoma0_,origin=null,columns={,className=domain.PersonDomainModel}}
    \-[WHERE] SqlNode: &apos;where&apos;
       \-[EQ] BinaryLogicOperatorNode: &apos;=&apos;
          +-[IDENT] IdentNode: &apos;personId&apos; {originalText=personId}
          \-[NAMED_PARAM] ParameterNode: &apos;?&apos; {name=id, expectedType=null}

19:21:09.525 [main] DEBUG o.h.hql.internal.ast.ErrorCounter - throwQueryException() : no errors
19:21:09.543 [main] DEBUG o.h.h.i.ast.QueryTranslatorImpl - HQL: from domain.PersonDomainModel where personId = :id 
19:21:09.543 [main] DEBUG o.h.h.i.ast.QueryTranslatorImpl - SQL: select persondoma0_.PersonID as PersonID1_0_, persondoma0_.firstName as firstName2_0_, persondoma0_.middleName as middleName3_0_, persondoma0_.lastName as lastName4_0_, persondoma0_.street as street5_0_, persondoma0_.postalCode as postalCode6_0_, persondoma0_.city as city7_0_, persondoma0_.birthday as birthday8_0_ from KOTHARES.per persondoma0_ where personId=?
19:21:09.544 [main] DEBUG o.h.hql.internal.ast.ErrorCounter - throwQueryException() : no errors
19:21:09.567 [main] DEBUG org.hibernate.SQL - 
    select
        persondoma0_.PersonID as PersonID1_0_,
        persondoma0_.firstName as firstName2_0_,
        persondoma0_.middleName as middleName3_0_,
        persondoma0_.lastName as lastName4_0_,
        persondoma0_.street as street5_0_,
        persondoma0_.postalCode as postalCode6_0_,
        persondoma0_.city as city7_0_,
        persondoma0_.birthday as birthday8_0_ 
    from
        KOTHARES.per persondoma0_ 
    where
        personId=?
Hibernate: 
    select
        persondoma0_.PersonID as PersonID1_0_,
        persondoma0_.firstName as firstName2_0_,
        persondoma0_.middleName as middleName3_0_,
        persondoma0_.lastName as lastName4_0_,
        persondoma0_.street as street5_0_,
        persondoma0_.postalCode as postalCode6_0_,
        persondoma0_.city as city7_0_,
        persondoma0_.birthday as birthday8_0_ 
    from
        KOTHARES.per persondoma0_ 
    where
        personId=?
19:21:09.591 [main] DEBUG org.hibernate.loader.Loader - Result set row: 0
19:21:09.595 [main] DEBUG org.hibernate.loader.Loader - Result row: EntityKey[domain.PersonDomainModel#c6153a56-4710-4075-be7a-db85bae7aa03]
19:21:09.609 [main] DEBUG o.h.engine.internal.TwoPhaseLoad - Resolving associations for [domain.PersonDomainModel#c6153a56-4710-4075-be7a-db85bae7aa03]
19:21:09.610 [main] DEBUG o.h.engine.internal.TwoPhaseLoad - Done materializing entity [domain.PersonDomainModel#c6153a56-4710-4075-be7a-db85bae7aa03]
19:21:09.611 [main] DEBUG o.h.e.t.internal.TransactionImpl - committing
19:21:09.612 [main] DEBUG o.h.e.i.AbstractFlushingEventListener - Processing flush-time cascades
19:21:09.612 [main] DEBUG o.h.e.i.AbstractFlushingEventListener - Dirty checking collections
19:21:09.612 [main] DEBUG o.h.e.i.AbstractFlushingEventListener - Flushed: 0 insertions, 0 updates, 0 deletions to 1 objects
19:21:09.612 [main] DEBUG o.h.e.i.AbstractFlushingEventListener - Flushed: 0 (re)creations, 0 updates, 0 removals to 0 collections
19:21:09.612 [main] DEBUG o.h.internal.util.EntityPrinter - Listing entities:
19:21:09.613 [main] DEBUG o.h.internal.util.EntityPrinter - domain.PersonDomainModel{birthday=1994-11-27, firstName=Mingkun, lastName=Chen, PersonID=c6153a56-4710-4075-be7a-db85bae7aa03, city=Elkton, street=702 Stone Gate Blvd, postalCode=21921, middleName=a}
19:21:09.622 [main] DEBUG o.h.e.t.internal.TransactionImpl - begin
19:21:09.636 [main] DEBUG org.hibernate.SQL - 
    select
        persondoma0_.PersonID as PersonID1_0_0_,
        persondoma0_.firstName as firstName2_0_0_,
        persondoma0_.middleName as middleName3_0_0_,
        persondoma0_.lastName as lastName4_0_0_,
        persondoma0_.street as street5_0_0_,
        persondoma0_.postalCode as postalCode6_0_0_,
        persondoma0_.city as city7_0_0_,
        persondoma0_.birthday as birthday8_0_0_ 
    from
        KOTHARES.per persondoma0_ 
    where
        persondoma0_.PersonID=?
Hibernate: 
    select
        persondoma0_.PersonID as PersonID1_0_0_,
        persondoma0_.firstName as firstName2_0_0_,
        persondoma0_.middleName as middleName3_0_0_,
        persondoma0_.lastName as lastName4_0_0_,
        persondoma0_.street as street5_0_0_,
        persondoma0_.postalCode as postalCode6_0_0_,
        persondoma0_.city as city7_0_0_,
        persondoma0_.birthday as birthday8_0_0_ 
    from
        KOTHARES.per persondoma0_ 
    where
        persondoma0_.PersonID=?
19:21:09.655 [main] DEBUG o.h.l.p.e.p.i.ResultSetProcessorImpl - Starting ResultSet row #0
19:21:09.658 [main] DEBUG o.h.l.p.e.p.i.EntityReferenceInitializerImpl - On call to EntityIdentifierReaderImpl#resolve, EntityKey was already known; should only happen on root returns with an optional identifier specified
19:21:09.661 [main] DEBUG o.h.engine.internal.TwoPhaseLoad - Resolving associations for [domain.PersonDomainModel#c6153a56-4710-4075-be7a-db85bae7aa03]
19:21:09.661 [main] DEBUG o.h.engine.internal.TwoPhaseLoad - Done materializing entity [domain.PersonDomainModel#c6153a56-4710-4075-be7a-db85bae7aa03]
19:21:09.661 [main] DEBUG o.h.r.j.i.ResourceRegistryStandardImpl - HHH000387: ResultSet&apos;s statement was not registered
19:21:09.661 [main] DEBUG o.h.l.e.p.AbstractLoadPlanBasedEntityLoader - Done entity load : domain.PersonDomainModel#c6153a56-4710-4075-be7a-db85bae7aa03
19:21:09.665 [main] DEBUG o.h.e.t.internal.TransactionImpl - committing
19:21:09.666 [main] DEBUG o.h.e.i.AbstractFlushingEventListener - Processing flush-time cascades
19:21:09.666 [main] DEBUG o.h.e.i.AbstractFlushingEventListener - Dirty checking collections
19:21:09.666 [main] DEBUG o.h.e.i.AbstractFlushingEventListener - Flushed: 0 insertions, 0 updates, 1 deletions to 1 objects
19:21:09.666 [main] DEBUG o.h.e.i.AbstractFlushingEventListener - Flushed: 0 (re)creations, 0 updates, 0 removals to 0 collections
19:21:09.666 [main] DEBUG o.h.internal.util.EntityPrinter - Listing entities:
19:21:09.666 [main] DEBUG o.h.internal.util.EntityPrinter - domain.PersonDomainModel{birthday=1994-11-27, firstName=Mingkun, lastName=Chen, PersonID=c6153a56-4710-4075-be7a-db85bae7aa03, city=Elkton, street=702 Stone Gate Blvd, postalCode=21921, middleName=a}
19:21:09.667 [main] DEBUG org.hibernate.SQL - 
    delete 
    from
        KOTHARES.per 
    where
        PersonID=?
Hibernate: 
    delete 
    from
        KOTHARES.per 
    where
        PersonID=?
19:21:09.699 [main] DEBUG o.h.e.j.internal.JdbcCoordinatorImpl - HHH000420: Closing un-released batch
19:21:09.699 [main] DEBUG o.h.e.t.internal.TransactionImpl - begin
19:21:09.700 [main] DEBUG org.hibernate.SQL - 
    select
        persondoma0_.PersonID as PersonID1_0_,
        persondoma0_.firstName as firstName2_0_,
        persondoma0_.middleName as middleName3_0_,
        persondoma0_.lastName as lastName4_0_,
        persondoma0_.street as street5_0_,
        persondoma0_.postalCode as postalCode6_0_,
        persondoma0_.city as city7_0_,
        persondoma0_.birthday as birthday8_0_ 
    from
        KOTHARES.per persondoma0_ 
    where
        personId=?
Hibernate: 
    select
        persondoma0_.PersonID as PersonID1_0_,
        persondoma0_.firstName as firstName2_0_,
        persondoma0_.middleName as middleName3_0_,
        persondoma0_.lastName as lastName4_0_,
        persondoma0_.street as street5_0_,
        persondoma0_.postalCode as postalCode6_0_,
        persondoma0_.city as city7_0_,
        persondoma0_.birthday as birthday8_0_ 
    from
        KOTHARES.per persondoma0_ 
    where
        personId=?
19:21:09.716 [main] DEBUG o.h.e.t.internal.TransactionImpl - begin
19:21:09.717 [main] DEBUG org.hibernate.SQL - 
    select
        persondoma0_.PersonID as PersonID1_0_0_,
        persondoma0_.firstName as firstName2_0_0_,
        persondoma0_.middleName as middleName3_0_0_,
        persondoma0_.lastName as lastName4_0_0_,
        persondoma0_.street as street5_0_0_,
        persondoma0_.postalCode as postalCode6_0_0_,
        persondoma0_.city as city7_0_0_,
        persondoma0_.birthday as birthday8_0_0_ 
    from
        KOTHARES.per persondoma0_ 
    where
        persondoma0_.PersonID=?
Hibernate: 
    select
        persondoma0_.PersonID as PersonID1_0_0_,
        persondoma0_.firstName as firstName2_0_0_,
        persondoma0_.middleName as middleName3_0_0_,
        persondoma0_.lastName as lastName4_0_0_,
        persondoma0_.street as street5_0_0_,
        persondoma0_.postalCode as postalCode6_0_0_,
        persondoma0_.city as city7_0_0_,
        persondoma0_.birthday as birthday8_0_0_ 
    from
        KOTHARES.per persondoma0_ 
    where
        persondoma0_.PersonID=?
19:21:09.726 [main] DEBUG o.h.r.j.i.ResourceRegistryStandardImpl - HHH000387: ResultSet&apos;s statement was not registered
19:21:09.726 [main] DEBUG o.h.l.e.p.AbstractLoadPlanBasedEntityLoader - Done entity load : domain.PersonDomainModel#c6153a56-4710-4075-be7a-db85bae7aa03
</system-out>
  </testcase>
  <testcase classname="base.Person_Test" name="deletePersonTest" time="5.816">
    <error message="attempt to create delete event with null entity" type="java.lang.IllegalArgumentException">java.lang.IllegalArgumentException: attempt to create delete event with null entity
	at org.hibernate.event.spi.DeleteEvent.&lt;init&gt;(DeleteEvent.java:31)
	at org.hibernate.internal.SessionImpl.delete(SessionImpl.java:859)
	at base.PersonDAL.deletePerson(PersonDAL.java:98)
	at base.Person_Test.tearDown(Person_Test.java:66)
	at sun.reflect.NativeMethodAccessorImpl.invoke0(Native Method)
	at sun.reflect.NativeMethodAccessorImpl.invoke(NativeMethodAccessorImpl.java:62)
	at sun.reflect.DelegatingMethodAccessorImpl.invoke(DelegatingMethodAccessorImpl.java:43)
	at java.lang.reflect.Method.invoke(Method.java:498)
	at org.junit.runners.model.FrameworkMethod$1.runReflectiveCall(FrameworkMethod.java:47)
	at org.junit.internal.runners.model.ReflectiveCallable.run(ReflectiveCallable.java:12)
	at org.junit.runners.model.FrameworkMethod.invokeExplosively(FrameworkMethod.java:44)
	at org.junit.internal.runners.statements.RunAfters.evaluate(RunAfters.java:33)
	at org.junit.runners.ParentRunner.runLeaf(ParentRunner.java:271)
	at org.junit.runners.BlockJUnit4ClassRunner.runChild(BlockJUnit4ClassRunner.java:70)
	at org.junit.runners.BlockJUnit4ClassRunner.runChild(BlockJUnit4ClassRunner.java:50)
	at org.junit.runners.ParentRunner$3.run(ParentRunner.java:238)
	at org.junit.runners.ParentRunner$1.schedule(ParentRunner.java:63)
	at org.junit.runners.ParentRunner.runChildren(ParentRunner.java:236)
	at org.junit.runners.ParentRunner.access$000(ParentRunner.java:53)
	at org.junit.runners.ParentRunner$2.evaluate(ParentRunner.java:229)
	at org.junit.internal.runners.statements.RunBefores.evaluate(RunBefores.java:26)
	at org.junit.internal.runners.statements.RunAfters.evaluate(RunAfters.java:27)
	at org.junit.runners.ParentRunner.run(ParentRunner.java:309)
	at org.apache.maven.surefire.junit4.JUnit4Provider.execute(JUnit4Provider.java:252)
	at org.apache.maven.surefire.junit4.JUnit4Provider.executeTestSet(JUnit4Provider.java:141)
	at org.apache.maven.surefire.junit4.JUnit4Provider.invoke(JUnit4Provider.java:112)
	at sun.reflect.NativeMethodAccessorImpl.invoke0(Native Method)
	at sun.reflect.NativeMethodAccessorImpl.invoke(NativeMethodAccessorImpl.java:62)
	at sun.reflect.DelegatingMethodAccessorImpl.invoke(DelegatingMethodAccessorImpl.java:43)
	at java.lang.reflect.Method.invoke(Method.java:498)
	at org.apache.maven.surefire.util.ReflectionUtils.invokeMethodWithArray(ReflectionUtils.java:189)
	at org.apache.maven.surefire.booter.ProviderFactory$ProviderProxy.invoke(ProviderFactory.java:165)
	at org.apache.maven.surefire.booter.ProviderFactory.invokeProvider(ProviderFactory.java:85)
	at org.apache.maven.surefire.booter.ForkedBooter.runSuitesInProcess(ForkedBooter.java:115)
	at org.apache.maven.surefire.booter.ForkedBooter.main(ForkedBooter.java:75)
</error>
  </testcase>
  <testcase classname="base.Person_Test" name="updatePersonTest" time="0.135">
    <failure type="java.lang.AssertionError">java.lang.AssertionError
	at org.junit.Assert.fail(Assert.java:86)
	at org.junit.Assert.assertTrue(Assert.java:41)
	at org.junit.Assert.assertTrue(Assert.java:52)
	at base.Person_Test.updatePersonTest(Person_Test.java:105)
	at sun.reflect.NativeMethodAccessorImpl.invoke0(Native Method)
	at sun.reflect.NativeMethodAccessorImpl.invoke(NativeMethodAccessorImpl.java:62)
	at sun.reflect.DelegatingMethodAccessorImpl.invoke(DelegatingMethodAccessorImpl.java:43)
	at java.lang.reflect.Method.invoke(Method.java:498)
	at org.junit.runners.model.FrameworkMethod$1.runReflectiveCall(FrameworkMethod.java:47)
	at org.junit.internal.runners.model.ReflectiveCallable.run(ReflectiveCallable.java:12)
	at org.junit.runners.model.FrameworkMethod.invokeExplosively(FrameworkMethod.java:44)
	at org.junit.internal.runners.statements.InvokeMethod.evaluate(InvokeMethod.java:17)
	at org.junit.internal.runners.statements.RunBefores.evaluate(RunBefores.java:26)
	at org.junit.internal.runners.statements.RunAfters.evaluate(RunAfters.java:27)
	at org.junit.runners.ParentRunner.runLeaf(ParentRunner.java:271)
	at org.junit.runners.BlockJUnit4ClassRunner.runChild(BlockJUnit4ClassRunner.java:70)
	at org.junit.runners.BlockJUnit4ClassRunner.runChild(BlockJUnit4ClassRunner.java:50)
	at org.junit.runners.ParentRunner$3.run(ParentRunner.java:238)
	at org.junit.runners.ParentRunner$1.schedule(ParentRunner.java:63)
	at org.junit.runners.ParentRunner.runChildren(ParentRunner.java:236)
	at org.junit.runners.ParentRunner.access$000(ParentRunner.java:53)
	at org.junit.runners.ParentRunner$2.evaluate(ParentRunner.java:229)
	at org.junit.internal.runners.statements.RunBefores.evaluate(RunBefores.java:26)
	at org.junit.internal.runners.statements.RunAfters.evaluate(RunAfters.java:27)
	at org.junit.runners.ParentRunner.run(ParentRunner.java:309)
	at org.apache.maven.surefire.junit4.JUnit4Provider.execute(JUnit4Provider.java:252)
	at org.apache.maven.surefire.junit4.JUnit4Provider.executeTestSet(JUnit4Provider.java:141)
	at org.apache.maven.surefire.junit4.JUnit4Provider.invoke(JUnit4Provider.java:112)
	at sun.reflect.NativeMethodAccessorImpl.invoke0(Native Method)
	at sun.reflect.NativeMethodAccessorImpl.invoke(NativeMethodAccessorImpl.java:62)
	at sun.reflect.DelegatingMethodAccessorImpl.invoke(DelegatingMethodAccessorImpl.java:43)
	at java.lang.reflect.Method.invoke(Method.java:498)
	at org.apache.maven.surefire.util.ReflectionUtils.invokeMethodWithArray(ReflectionUtils.java:189)
	at org.apache.maven.surefire.booter.ProviderFactory$ProviderProxy.invoke(ProviderFactory.java:165)
	at org.apache.maven.surefire.booter.ProviderFactory.invokeProvider(ProviderFactory.java:85)
	at org.apache.maven.surefire.booter.ForkedBooter.runSuitesInProcess(ForkedBooter.java:115)
	at org.apache.maven.surefire.booter.ForkedBooter.main(ForkedBooter.java:75)
</failure>
    <system-out>19:21:09.738 [main] DEBUG o.h.e.t.internal.TransactionImpl - begin
19:21:09.739 [main] DEBUG o.h.e.i.AbstractSaveEventListener - Generated identifier: c6153a56-4710-4075-be7a-db85bae7aa03, using strategy: org.hibernate.id.Assigned
19:21:09.739 [main] DEBUG o.h.e.t.internal.TransactionImpl - committing
19:21:09.739 [main] DEBUG o.h.e.i.AbstractFlushingEventListener - Processing flush-time cascades
19:21:09.739 [main] DEBUG o.h.e.i.AbstractFlushingEventListener - Dirty checking collections
19:21:09.740 [main] DEBUG o.h.e.i.AbstractFlushingEventListener - Flushed: 1 insertions, 0 updates, 0 deletions to 1 objects
19:21:09.740 [main] DEBUG o.h.e.i.AbstractFlushingEventListener - Flushed: 0 (re)creations, 0 updates, 0 removals to 0 collections
19:21:09.740 [main] DEBUG o.h.internal.util.EntityPrinter - Listing entities:
19:21:09.740 [main] DEBUG o.h.internal.util.EntityPrinter - domain.PersonDomainModel{birthday=Sun Nov 27 00:00:00 EST 1994, firstName=Mingkun, lastName=Chen, PersonID=c6153a56-4710-4075-be7a-db85bae7aa03, city=Elkton, street=702 Stone Gate Blvd, postalCode=21921, middleName=a}
19:21:09.741 [main] DEBUG org.hibernate.SQL - 
    insert 
    into
        KOTHARES.per
        (firstName, middleName, lastName, street, postalCode, city, birthday, PersonID) 
    values
        (?, ?, ?, ?, ?, ?, ?, ?)
Hibernate: 
    insert 
    into
        KOTHARES.per
        (firstName, middleName, lastName, street, postalCode, city, birthday, PersonID) 
    values
        (?, ?, ?, ?, ?, ?, ?, ?)
19:21:09.776 [main] DEBUG o.h.e.j.internal.JdbcCoordinatorImpl - HHH000420: Closing un-released batch
19:21:09.777 [main] DEBUG o.h.e.t.internal.TransactionImpl - begin
19:21:09.785 [main] DEBUG o.h.e.t.internal.TransactionImpl - committing
19:21:09.785 [main] DEBUG o.h.e.i.AbstractFlushingEventListener - Processing flush-time cascades
19:21:09.785 [main] DEBUG o.h.e.i.AbstractFlushingEventListener - Dirty checking collections
19:21:09.788 [main] DEBUG o.h.e.i.AbstractFlushingEventListener - Flushed: 0 insertions, 1 updates, 0 deletions to 1 objects
19:21:09.790 [main] DEBUG o.h.e.i.AbstractFlushingEventListener - Flushed: 0 (re)creations, 0 updates, 0 removals to 0 collections
19:21:09.790 [main] DEBUG o.h.internal.util.EntityPrinter - Listing entities:
19:21:09.791 [main] DEBUG o.h.internal.util.EntityPrinter - domain.PersonDomainModel{birthday=Sun Nov 27 00:00:00 EST 1994, firstName=Mingkun, lastName=Chen, PersonID=c6153a56-4710-4075-be7a-db85bae7aa03, city=Boston, street=Harbour Street, postalCode=21921, middleName=a}
19:21:09.792 [main] DEBUG org.hibernate.SQL - 
    update
        KOTHARES.per 
    set
        firstName=?,
        middleName=?,
        lastName=?,
        street=?,
        postalCode=?,
        city=?,
        birthday=? 
    where
        PersonID=?
Hibernate: 
    update
        KOTHARES.per 
    set
        firstName=?,
        middleName=?,
        lastName=?,
        street=?,
        postalCode=?,
        city=?,
        birthday=? 
    where
        PersonID=?
19:21:09.812 [main] DEBUG o.h.e.j.internal.JdbcCoordinatorImpl - HHH000420: Closing un-released batch
19:21:09.812 [main] DEBUG o.h.e.t.internal.TransactionImpl - begin
19:21:09.813 [main] DEBUG org.hibernate.SQL - 
    select
        persondoma0_.PersonID as PersonID1_0_,
        persondoma0_.firstName as firstName2_0_,
        persondoma0_.middleName as middleName3_0_,
        persondoma0_.lastName as lastName4_0_,
        persondoma0_.street as street5_0_,
        persondoma0_.postalCode as postalCode6_0_,
        persondoma0_.city as city7_0_,
        persondoma0_.birthday as birthday8_0_ 
    from
        KOTHARES.per persondoma0_ 
    where
        personId=?
Hibernate: 
    select
        persondoma0_.PersonID as PersonID1_0_,
        persondoma0_.firstName as firstName2_0_,
        persondoma0_.middleName as middleName3_0_,
        persondoma0_.lastName as lastName4_0_,
        persondoma0_.street as street5_0_,
        persondoma0_.postalCode as postalCode6_0_,
        persondoma0_.city as city7_0_,
        persondoma0_.birthday as birthday8_0_ 
    from
        KOTHARES.per persondoma0_ 
    where
        personId=?
19:21:09.824 [main] DEBUG org.hibernate.loader.Loader - Result set row: 0
19:21:09.824 [main] DEBUG org.hibernate.loader.Loader - Result row: EntityKey[domain.PersonDomainModel#c6153a56-4710-4075-be7a-db85bae7aa03]
19:21:09.824 [main] DEBUG o.h.engine.internal.TwoPhaseLoad - Resolving associations for [domain.PersonDomainModel#c6153a56-4710-4075-be7a-db85bae7aa03]
19:21:09.825 [main] DEBUG o.h.engine.internal.TwoPhaseLoad - Done materializing entity [domain.PersonDomainModel#c6153a56-4710-4075-be7a-db85bae7aa03]
19:21:09.825 [main] DEBUG o.h.e.t.internal.TransactionImpl - committing
19:21:09.825 [main] DEBUG o.h.e.i.AbstractFlushingEventListener - Processing flush-time cascades
19:21:09.825 [main] DEBUG o.h.e.i.AbstractFlushingEventListener - Dirty checking collections
19:21:09.825 [main] DEBUG o.h.e.i.AbstractFlushingEventListener - Flushed: 0 insertions, 0 updates, 0 deletions to 1 objects
19:21:09.825 [main] DEBUG o.h.e.i.AbstractFlushingEventListener - Flushed: 0 (re)creations, 0 updates, 0 removals to 0 collections
19:21:09.825 [main] DEBUG o.h.internal.util.EntityPrinter - Listing entities:
19:21:09.826 [main] DEBUG o.h.internal.util.EntityPrinter - domain.PersonDomainModel{birthday=1994-11-27, firstName=Mingkun, lastName=Chen, PersonID=c6153a56-4710-4075-be7a-db85bae7aa03, city=Boston, street=Harbour Street, postalCode=21921, middleName=a}
19:21:09.834 [main] DEBUG o.h.e.t.internal.TransactionImpl - begin
19:21:09.835 [main] DEBUG org.hibernate.SQL - 
    select
        persondoma0_.PersonID as PersonID1_0_0_,
        persondoma0_.firstName as firstName2_0_0_,
        persondoma0_.middleName as middleName3_0_0_,
        persondoma0_.lastName as lastName4_0_0_,
        persondoma0_.street as street5_0_0_,
        persondoma0_.postalCode as postalCode6_0_0_,
        persondoma0_.city as city7_0_0_,
        persondoma0_.birthday as birthday8_0_0_ 
    from
        KOTHARES.per persondoma0_ 
    where
        persondoma0_.PersonID=?
Hibernate: 
    select
        persondoma0_.PersonID as PersonID1_0_0_,
        persondoma0_.firstName as firstName2_0_0_,
        persondoma0_.middleName as middleName3_0_0_,
        persondoma0_.lastName as lastName4_0_0_,
        persondoma0_.street as street5_0_0_,
        persondoma0_.postalCode as postalCode6_0_0_,
        persondoma0_.city as city7_0_0_,
        persondoma0_.birthday as birthday8_0_0_ 
    from
        KOTHARES.per persondoma0_ 
    where
        persondoma0_.PersonID=?
19:21:09.859 [main] DEBUG o.h.l.p.e.p.i.ResultSetProcessorImpl - Starting ResultSet row #0
19:21:09.859 [main] DEBUG o.h.l.p.e.p.i.EntityReferenceInitializerImpl - On call to EntityIdentifierReaderImpl#resolve, EntityKey was already known; should only happen on root returns with an optional identifier specified
19:21:09.860 [main] DEBUG o.h.engine.internal.TwoPhaseLoad - Resolving associations for [domain.PersonDomainModel#c6153a56-4710-4075-be7a-db85bae7aa03]
19:21:09.861 [main] DEBUG o.h.engine.internal.TwoPhaseLoad - Done materializing entity [domain.PersonDomainModel#c6153a56-4710-4075-be7a-db85bae7aa03]
19:21:09.861 [main] DEBUG o.h.r.j.i.ResourceRegistryStandardImpl - HHH000387: ResultSet&apos;s statement was not registered
19:21:09.861 [main] DEBUG o.h.l.e.p.AbstractLoadPlanBasedEntityLoader - Done entity load : domain.PersonDomainModel#c6153a56-4710-4075-be7a-db85bae7aa03
19:21:09.861 [main] DEBUG o.h.e.t.internal.TransactionImpl - committing
19:21:09.861 [main] DEBUG o.h.e.i.AbstractFlushingEventListener - Processing flush-time cascades
19:21:09.861 [main] DEBUG o.h.e.i.AbstractFlushingEventListener - Dirty checking collections
19:21:09.862 [main] DEBUG o.h.e.i.AbstractFlushingEventListener - Flushed: 0 insertions, 0 updates, 1 deletions to 1 objects
19:21:09.862 [main] DEBUG o.h.e.i.AbstractFlushingEventListener - Flushed: 0 (re)creations, 0 updates, 0 removals to 0 collections
19:21:09.862 [main] DEBUG o.h.internal.util.EntityPrinter - Listing entities:
19:21:09.862 [main] DEBUG o.h.internal.util.EntityPrinter - domain.PersonDomainModel{birthday=1994-11-27, firstName=Mingkun, lastName=Chen, PersonID=c6153a56-4710-4075-be7a-db85bae7aa03, city=Boston, street=Harbour Street, postalCode=21921, middleName=a}
19:21:09.862 [main] DEBUG org.hibernate.SQL - 
    delete 
    from
        KOTHARES.per 
    where
        PersonID=?
Hibernate: 
    delete 
    from
        KOTHARES.per 
    where
        PersonID=?
19:21:09.890 [main] DEBUG o.h.e.j.internal.JdbcCoordinatorImpl - HHH000420: Closing un-released batch
</system-out>
  </testcase>
  <testcase classname="base.Person_Test" name="addPersonTest" time="0.113"/>
</testsuite>